#
# There is insufficient memory for the Java Runtime Environment to continue.
# Native memory allocation (mmap) failed to map 5537792 bytes for G1 virtual space
# Possible reasons:
#   The system is out of physical RAM or swap space
#   The process is running with CompressedOops enabled, and the Java Heap may be blocking the growth of the native heap
# Possible solutions:
#   Reduce memory load on the system
#   Increase physical memory or swap space
#   Check if swap backing store is full
#   Decrease Java heap size (-Xmx/-Xms)
#   Decrease number of Java threads
#   Decrease Java thread stack sizes (-Xss)
#   Set larger code cache with -XX:ReservedCodeCacheSize=
#   JVM is running with Unscaled Compressed Oops mode in which the Java heap is
#     placed in the first 4GB address space. The Java Heap base address is the
#     maximum limit for the native heap growth. Please use -XX:HeapBaseMinAddress
#     to set the Java Heap base and to place the Java Heap above 4GB virtual address.
# This output file may be truncated or incomplete.
#
#  Out of Memory Error (os_windows.cpp:3769), pid=1656, tid=14384
#
# JRE version: OpenJDK Runtime Environment (17.0.6) (build 17.0.6+0-b2043.56-10027231)
# Java VM: OpenJDK 64-Bit Server VM (17.0.6+0-b2043.56-10027231, mixed mode, tiered, compressed oops, compressed class ptrs, g1 gc, windows-amd64)
# No core dump will be written. Minidumps are not enabled by default on client versions of Windows
#

---------------  S U M M A R Y ------------

Command Line: --add-opens=java.base/java.util=ALL-UNNAMED --add-opens=java.base/java.lang=ALL-UNNAMED --add-opens=java.base/java.lang.invoke=ALL-UNNAMED --add-opens=java.prefs/java.util.prefs=ALL-UNNAMED --add-opens=java.base/java.nio.charset=ALL-UNNAMED --add-opens=java.base/java.net=ALL-UNNAMED --add-opens=java.base/java.util.concurrent.atomic=ALL-UNNAMED -Xmx2048m -Dfile.encoding=UTF-8 -Duser.country=US -Duser.language=en -Duser.variant org.gradle.launcher.daemon.bootstrap.GradleDaemon 8.0

Host: 11th Gen Intel(R) Core(TM) i5-1135G7 @ 2.40GHz, 8 cores, 7G,  Windows 11 , 64 bit Build 22621 (10.0.22621.3235)
Time: Thu Mar 28 14:22:27 2024 India Standard Time elapsed time: 9.721849 seconds (0d 0h 0m 9s)

---------------  T H R E A D  ---------------

Current thread (0x0000020e232e6a20):  VMThread "VM Thread" [stack: 0x0000002ee0b00000,0x0000002ee0c00000] [id=14384]

Stack: [0x0000002ee0b00000,0x0000002ee0c00000]
Native frames: (J=compiled Java code, j=interpreted, Vv=VM code, C=native code)
V  [jvm.dll+0x683c9a]
V  [jvm.dll+0x8427a4]
V  [jvm.dll+0x843f9e]
V  [jvm.dll+0x844603]
V  [jvm.dll+0x249b75]
V  [jvm.dll+0x680b69]
V  [jvm.dll+0x67505a]
V  [jvm.dll+0x309acb]
V  [jvm.dll+0x310f86]
V  [jvm.dll+0x360903]
V  [jvm.dll+0x360b1f]
V  [jvm.dll+0x2dfbf8]
V  [jvm.dll+0x2ddec4]
V  [jvm.dll+0x2dd4cc]
V  [jvm.dll+0x321f3b]
V  [jvm.dll+0x848ccb]
V  [jvm.dll+0x849a04]
V  [jvm.dll+0x849f1d]
V  [jvm.dll+0x84a2f4]
V  [jvm.dll+0x84a3c0]
V  [jvm.dll+0x7f274a]
V  [jvm.dll+0x682ad5]
C  [ucrtbase.dll+0x29363]
C  [KERNEL32.DLL+0x1257d]
C  [ntdll.dll+0x5aa58]

VM_Operation (0x0000002eeabfe980): G1CollectForAllocation, mode: safepoint, requested by thread 0x0000020e2af050f0


---------------  P R O C E S S  ---------------

Threads class SMR info:
_java_thread_list=0x0000020e2d8ec290, length=152, elements={
0x0000020e098bd2d0, 0x0000020e24018c20, 0x0000020e240197d0, 0x0000020e232e79b0,
0x0000020e232e8470, 0x0000020e24060110, 0x0000020e24064ae0, 0x0000020e240657c0,
0x0000020e24069760, 0x0000020e2406a150, 0x0000020e241daa40, 0x0000020e241e72b0,
0x0000020e245aab70, 0x0000020e24b278c0, 0x0000020e259a1d60, 0x0000020e25acd730,
0x0000020e25aca710, 0x0000020e25acc3f0, 0x0000020e25acdc00, 0x0000020e25accd90,
0x0000020e25acb580, 0x0000020e25acd260, 0x0000020e25acabe0, 0x0000020e25aca240,
0x0000020e25acb0b0, 0x0000020e25acba50, 0x0000020e25acbf20, 0x0000020e25acc8c0,
0x0000020e28d34fb0, 0x0000020e28d37630, 0x0000020e28d362f0, 0x0000020e28d384a0,
0x0000020e28d32e00, 0x0000020e28d332d0, 0x0000020e28d35480, 0x0000020e28d31f90,
0x0000020e28d35950, 0x0000020e28d367c0, 0x0000020e28d32930, 0x0000020e28d34610,
0x0000020e28d37b00, 0x0000020e28d37fd0, 0x0000020e28d39310, 0x0000020e28d38e40,
0x0000020e2d8434d0, 0x0000020e2d844810, 0x0000020e2d843e70, 0x0000020e2d8464f0,
0x0000020e2d843000, 0x0000020e2d8469c0, 0x0000020e2d844340, 0x0000020e2d8451b0,
0x0000020e2d8439a0, 0x0000020e2d845b50, 0x0000020e2d844ce0, 0x0000020e2d845680,
0x0000020e2d846020, 0x0000020e28c70ed0, 0x0000020e28c72210, 0x0000020e28c73080,
0x0000020e28c70a00, 0x0000020e28c76f10, 0x0000020e28c743c0, 0x0000020e28c75700,
0x0000020e28c73ef0, 0x0000020e28c73550, 0x0000020e28c726e0, 0x0000020e28c76570,
0x0000020e28c74890, 0x0000020e28c74d60, 0x0000020e28c75bd0, 0x0000020e28c73a20,
0x0000020e28c713a0, 0x0000020e28c72bb0, 0x0000020e28c75230, 0x0000020e28c760a0,
0x0000020e28c76a40, 0x0000020e28c71870, 0x0000020e28c773e0, 0x0000020e28c778b0,
0x0000020e28c70060, 0x0000020e28c70530, 0x0000020e28c71d40, 0x0000020e2a1e3cb0,
0x0000020e2a1ea1c0, 0x0000020e2a1e8e80, 0x0000020e2a1e5e60, 0x0000020e2a1e84e0,
0x0000020e2a1e3310, 0x0000020e2a1e2e40, 0x0000020e2a1e4ff0, 0x0000020e2a1e37e0,
0x0000020e2a1e7670, 0x0000020e2a1e9cf0, 0x0000020e2a1e7b40, 0x0000020e2a1e4180,
0x0000020e2a1e54c0, 0x0000020e2a1e89b0, 0x0000020e2a1e9350, 0x0000020e2a1e5990,
0x0000020e2a1e9820, 0x0000020e2a1e6330, 0x0000020e2a1e8010, 0x0000020e2a1e4650,
0x0000020e2a1e4b20, 0x0000020e2a1e6800, 0x0000020e2a1e6cd0, 0x0000020e2a1e71a0,
0x0000020e2a1ea690, 0x0000020e2ab87280, 0x0000020e2ab85a70, 0x0000020e2ab8b5e0,
0x0000020e2ab8bab0, 0x0000020e2ab885c0, 0x0000020e2ab85f40, 0x0000020e2ab88a90,
0x0000020e2ab87750, 0x0000020e2ab8bf80, 0x0000020e2ab8cdf0, 0x0000020e2ab880f0,
0x0000020e2ab89430, 0x0000020e2ab88f60, 0x0000020e2ab8c450, 0x0000020e2ab89900,
0x0000020e2ab868e0, 0x0000020e2ab8d2c0, 0x0000020e2ab8ac40, 0x0000020e2ab89dd0,
0x0000020e2af02f40, 0x0000020e2af02a70, 0x0000020e2af038e0, 0x0000020e2af01260,
0x0000020e2af025a0, 0x0000020e2af03db0, 0x0000020e2af04280, 0x0000020e2af06900,
0x0000020e2af06dd0, 0x0000020e2b14dee0, 0x0000020e2b14e880, 0x0000020e2af00d90,
0x0000020e2e133460, 0x0000020e2737cce0, 0x0000020e2b14d540, 0x0000020e2b14da10,
0x0000020e2af04c20, 0x0000020e2f0a75e0, 0x0000020e2af050f0, 0x0000020e2e132f90,
0x0000020e2737d680, 0x0000020e2af072a0, 0x0000020e2e133930, 0x0000020e2dd45ca0
}

Java Threads: ( => current thread )
  0x0000020e098bd2d0 JavaThread "main" [_thread_blocked, id=12388, stack(0x0000002ee0500000,0x0000002ee0600000)]
  0x0000020e24018c20 JavaThread "Reference Handler" daemon [_thread_blocked, id=14808, stack(0x0000002ee0c00000,0x0000002ee0d00000)]
  0x0000020e240197d0 JavaThread "Finalizer" daemon [_thread_blocked, id=8480, stack(0x0000002ee0d00000,0x0000002ee0e00000)]
  0x0000020e232e79b0 JavaThread "Signal Dispatcher" daemon [_thread_blocked, id=15972, stack(0x0000002ee0e00000,0x0000002ee0f00000)]
  0x0000020e232e8470 JavaThread "Attach Listener" daemon [_thread_blocked, id=4880, stack(0x0000002ee0f00000,0x0000002ee1000000)]
  0x0000020e24060110 JavaThread "Service Thread" daemon [_thread_blocked, id=1736, stack(0x0000002ee1000000,0x0000002ee1100000)]
  0x0000020e24064ae0 JavaThread "Monitor Deflation Thread" daemon [_thread_blocked, id=14172, stack(0x0000002ee1100000,0x0000002ee1200000)]
  0x0000020e240657c0 JavaThread "C2 CompilerThread0" daemon [_thread_blocked, id=3612, stack(0x0000002ee1200000,0x0000002ee1300000)]
  0x0000020e24069760 JavaThread "C1 CompilerThread0" daemon [_thread_blocked, id=13896, stack(0x0000002ee1300000,0x0000002ee1400000)]
  0x0000020e2406a150 JavaThread "Sweeper thread" daemon [_thread_blocked, id=16368, stack(0x0000002ee1400000,0x0000002ee1500000)]
  0x0000020e241daa40 JavaThread "Common-Cleaner" daemon [_thread_blocked, id=15480, stack(0x0000002ee1500000,0x0000002ee1600000)]
  0x0000020e241e72b0 JavaThread "Notification Thread" daemon [_thread_blocked, id=284, stack(0x0000002ee1600000,0x0000002ee1700000)]
  0x0000020e245aab70 JavaThread "C2 CompilerThread1" daemon [_thread_in_native, id=16364, stack(0x0000002ee1800000,0x0000002ee1900000)]
  0x0000020e24b278c0 JavaThread "C2 CompilerThread2" daemon [_thread_in_native, id=1028, stack(0x0000002ee1d00000,0x0000002ee1e00000)]
  0x0000020e259a1d60 JavaThread "Daemon health stats" [_thread_blocked, id=11348, stack(0x0000002ee1e00000,0x0000002ee1f00000)]
  0x0000020e25acd730 JavaThread "Incoming local TCP Connector on port 50674" [_thread_in_native, id=10672, stack(0x0000002ee1f00000,0x0000002ee2000000)]
  0x0000020e25aca710 JavaThread "Daemon periodic checks" [_thread_blocked, id=5692, stack(0x0000002ee2000000,0x0000002ee2100000)]
  0x0000020e25acc3f0 JavaThread "Daemon" [_thread_blocked, id=13168, stack(0x0000002ee2100000,0x0000002ee2200000)]
  0x0000020e25acdc00 JavaThread "Handler for socket connection from /127.0.0.1:50674 to /127.0.0.1:50675" [_thread_in_native, id=12620, stack(0x0000002ee2200000,0x0000002ee2300000)]
  0x0000020e25accd90 JavaThread "Cancel handler" [_thread_blocked, id=11920, stack(0x0000002ee2300000,0x0000002ee2400000)]
  0x0000020e25acb580 JavaThread "Daemon worker" [_thread_blocked, id=10320, stack(0x0000002ee2400000,0x0000002ee2500000)]
  0x0000020e25acd260 JavaThread "Asynchronous log dispatcher for DefaultDaemonConnection: socket connection from /127.0.0.1:50674 to /127.0.0.1:50675" [_thread_blocked, id=4056, stack(0x0000002ee2500000,0x0000002ee2600000)]
  0x0000020e25acabe0 JavaThread "Stdin handler" [_thread_blocked, id=2740, stack(0x0000002ee2600000,0x0000002ee2700000)]
  0x0000020e25aca240 JavaThread "Daemon client event forwarder" [_thread_blocked, id=3344, stack(0x0000002ee2700000,0x0000002ee2800000)]
  0x0000020e25acb0b0 JavaThread "Cache worker for journal cache (C:\Users\ASUS\.gradle\caches\journal-1)" [_thread_blocked, id=14380, stack(0x0000002ee2c00000,0x0000002ee2d00000)]
  0x0000020e25acba50 JavaThread "File lock request listener" [_thread_in_native, id=9044, stack(0x0000002ee2d00000,0x0000002ee2e00000)]
  0x0000020e25acbf20 JavaThread "Cache worker for file hash cache (C:\Users\ASUS\.gradle\caches\8.0\fileHashes)" [_thread_blocked, id=4060, stack(0x0000002ee2e00000,0x0000002ee2f00000)]
  0x0000020e25acc8c0 JavaThread "File watcher server" daemon [_thread_blocked, id=4536, stack(0x0000002ee2f00000,0x0000002ee3000000)]
  0x0000020e28d34fb0 JavaThread "File watcher consumer" daemon [_thread_blocked, id=5092, stack(0x0000002ee3000000,0x0000002ee3100000)]
  0x0000020e28d37630 JavaThread "Cache worker for checksums cache (C:\Users\ASUS\AndroidStudioProjects\VaxFinder\.gradle\8.0\checksums)" [_thread_blocked, id=7504, stack(0x0000002ee3100000,0x0000002ee3200000)]
  0x0000020e28d362f0 JavaThread "Cache worker for cache directory md-rule (C:\Users\ASUS\.gradle\caches\8.0\md-rule)" [_thread_blocked, id=15756, stack(0x0000002ee3200000,0x0000002ee3300000)]
  0x0000020e28d384a0 JavaThread "Cache worker for file content cache (C:\Users\ASUS\.gradle\caches\8.0\fileContent)" [_thread_blocked, id=2620, stack(0x0000002ee3300000,0x0000002ee3400000)]
  0x0000020e28d32e00 JavaThread "Cache worker for file hash cache (C:\Users\ASUS\AndroidStudioProjects\VaxFinder\.gradle\8.0\fileHashes)" [_thread_blocked, id=13512, stack(0x0000002ee3400000,0x0000002ee3500000)]
  0x0000020e28d332d0 JavaThread "Cache worker for cache directory md-supplier (C:\Users\ASUS\.gradle\caches\8.0\md-supplier)" [_thread_blocked, id=3448, stack(0x0000002ee3500000,0x0000002ee3600000)]
  0x0000020e28d35480 JavaThread "Cache worker for execution history cache (C:\Users\ASUS\.gradle\caches\8.0\executionHistory)" [_thread_blocked, id=8420, stack(0x0000002ee3600000,0x0000002ee3700000)]
  0x0000020e28d31f90 JavaThread "jar transforms" [_thread_blocked, id=2940, stack(0x0000002ee3700000,0x0000002ee3800000)]
  0x0000020e28d35950 JavaThread "jar transforms Thread 2" [_thread_blocked, id=15460, stack(0x0000002ee3800000,0x0000002ee3900000)]
  0x0000020e28d367c0 JavaThread "Cache worker for kotlin-dsl (C:\Users\ASUS\.gradle\caches\8.0\kotlin-dsl)" [_thread_blocked, id=476, stack(0x0000002ee3900000,0x0000002ee3a00000)]
  0x0000020e28d32930 JavaThread "jar transforms Thread 3" [_thread_blocked, id=8524, stack(0x0000002ee3a00000,0x0000002ee3b00000)]
  0x0000020e28d34610 JavaThread "jar transforms Thread 4" [_thread_blocked, id=16076, stack(0x0000002ee3b00000,0x0000002ee3c00000)]
  0x0000020e28d37b00 JavaThread "Cache worker for dependencies-accessors (C:\Users\ASUS\AndroidStudioProjects\VaxFinder\.gradle\8.0\dependencies-accessors)" [_thread_blocked, id=5580, stack(0x0000002ee3c00000,0x0000002ee3d00000)]
  0x0000020e28d37fd0 JavaThread "Cache worker for Build Output Cleanup Cache (C:\Users\ASUS\AndroidStudioProjects\VaxFinder\.gradle\buildOutputCleanup)" [_thread_blocked, id=8188, stack(0x0000002ee3d00000,0x0000002ee3e00000)]
  0x0000020e28d39310 JavaThread "jar transforms Thread 5" [_thread_blocked, id=6012, stack(0x0000002ee3e00000,0x0000002ee3f00000)]
  0x0000020e28d38e40 JavaThread "Unconstrained build operations" [_thread_blocked, id=16316, stack(0x0000002ee3f00000,0x0000002ee4000000)]
  0x0000020e2d8434d0 JavaThread "Unconstrained build operations Thread 2" [_thread_blocked, id=15992, stack(0x0000002ee4000000,0x0000002ee4100000)]
  0x0000020e2d844810 JavaThread "Unconstrained build operations Thread 3" [_thread_blocked, id=16156, stack(0x0000002ee4100000,0x0000002ee4200000)]
  0x0000020e2d843e70 JavaThread "Unconstrained build operations Thread 4" [_thread_blocked, id=16092, stack(0x0000002ee4200000,0x0000002ee4300000)]
  0x0000020e2d8464f0 JavaThread "Unconstrained build operations Thread 5" [_thread_blocked, id=15752, stack(0x0000002ee4300000,0x0000002ee4400000)]
  0x0000020e2d843000 JavaThread "Unconstrained build operations Thread 6" [_thread_blocked, id=3800, stack(0x0000002ee4400000,0x0000002ee4500000)]
  0x0000020e2d8469c0 JavaThread "Unconstrained build operations Thread 7" [_thread_blocked, id=9200, stack(0x0000002ee4500000,0x0000002ee4600000)]
  0x0000020e2d844340 JavaThread "Unconstrained build operations Thread 8" [_thread_blocked, id=5988, stack(0x0000002ee4600000,0x0000002ee4700000)]
  0x0000020e2d8451b0 JavaThread "Unconstrained build operations Thread 9" [_thread_blocked, id=10436, stack(0x0000002ee4700000,0x0000002ee4800000)]
  0x0000020e2d8439a0 JavaThread "Unconstrained build operations Thread 10" [_thread_blocked, id=13944, stack(0x0000002ee4800000,0x0000002ee4900000)]
  0x0000020e2d845b50 JavaThread "Unconstrained build operations Thread 11" [_thread_blocked, id=11424, stack(0x0000002ee4900000,0x0000002ee4a00000)]
  0x0000020e2d844ce0 JavaThread "Unconstrained build operations Thread 12" [_thread_blocked, id=15612, stack(0x0000002ee4a00000,0x0000002ee4b00000)]
  0x0000020e2d845680 JavaThread "Unconstrained build operations Thread 13" [_thread_blocked, id=12044, stack(0x0000002ee4b00000,0x0000002ee4c00000)]
  0x0000020e2d846020 JavaThread "Unconstrained build operations Thread 14" [_thread_blocked, id=6948, stack(0x0000002ee4c00000,0x0000002ee4d00000)]
  0x0000020e28c70ed0 JavaThread "Unconstrained build operations Thread 15" [_thread_blocked, id=4968, stack(0x0000002ee4d00000,0x0000002ee4e00000)]
  0x0000020e28c72210 JavaThread "Unconstrained build operations Thread 16" [_thread_blocked, id=4252, stack(0x0000002ee4e00000,0x0000002ee4f00000)]
  0x0000020e28c73080 JavaThread "Unconstrained build operations Thread 17" [_thread_blocked, id=5024, stack(0x0000002ee4f00000,0x0000002ee5000000)]
  0x0000020e28c70a00 JavaThread "Unconstrained build operations Thread 18" [_thread_blocked, id=14812, stack(0x0000002ee5000000,0x0000002ee5100000)]
  0x0000020e28c76f10 JavaThread "Unconstrained build operations Thread 19" [_thread_blocked, id=4932, stack(0x0000002ee5100000,0x0000002ee5200000)]
  0x0000020e28c743c0 JavaThread "Unconstrained build operations Thread 20" [_thread_blocked, id=3860, stack(0x0000002ee5200000,0x0000002ee5300000)]
  0x0000020e28c75700 JavaThread "Unconstrained build operations Thread 21" [_thread_blocked, id=10904, stack(0x0000002ee5300000,0x0000002ee5400000)]
  0x0000020e28c73ef0 JavaThread "Unconstrained build operations Thread 22" [_thread_blocked, id=6984, stack(0x0000002ee5400000,0x0000002ee5500000)]
  0x0000020e28c73550 JavaThread "Unconstrained build operations Thread 23" [_thread_blocked, id=13844, stack(0x0000002ee5500000,0x0000002ee5600000)]
  0x0000020e28c726e0 JavaThread "Unconstrained build operations Thread 24" [_thread_blocked, id=15760, stack(0x0000002ee5600000,0x0000002ee5700000)]
  0x0000020e28c76570 JavaThread "Unconstrained build operations Thread 25" [_thread_blocked, id=14340, stack(0x0000002ee5700000,0x0000002ee5800000)]
  0x0000020e28c74890 JavaThread "Unconstrained build operations Thread 26" [_thread_blocked, id=6704, stack(0x0000002ee5800000,0x0000002ee5900000)]
  0x0000020e28c74d60 JavaThread "Unconstrained build operations Thread 27" [_thread_blocked, id=13856, stack(0x0000002ee5900000,0x0000002ee5a00000)]
  0x0000020e28c75bd0 JavaThread "Unconstrained build operations Thread 28" [_thread_blocked, id=3856, stack(0x0000002ee5a00000,0x0000002ee5b00000)]
  0x0000020e28c73a20 JavaThread "Unconstrained build operations Thread 29" [_thread_blocked, id=14128, stack(0x0000002ee5b00000,0x0000002ee5c00000)]
  0x0000020e28c713a0 JavaThread "Unconstrained build operations Thread 30" [_thread_blocked, id=7048, stack(0x0000002ee5c00000,0x0000002ee5d00000)]
  0x0000020e28c72bb0 JavaThread "Unconstrained build operations Thread 31" [_thread_blocked, id=8764, stack(0x0000002ee5d00000,0x0000002ee5e00000)]
  0x0000020e28c75230 JavaThread "Unconstrained build operations Thread 32" [_thread_blocked, id=14724, stack(0x0000002ee5e00000,0x0000002ee5f00000)]
  0x0000020e28c760a0 JavaThread "Unconstrained build operations Thread 33" [_thread_blocked, id=15416, stack(0x0000002ee5f00000,0x0000002ee6000000)]
  0x0000020e28c76a40 JavaThread "Unconstrained build operations Thread 34" [_thread_blocked, id=13712, stack(0x0000002ee6000000,0x0000002ee6100000)]
  0x0000020e28c71870 JavaThread "Unconstrained build operations Thread 35" [_thread_blocked, id=2504, stack(0x0000002ee6100000,0x0000002ee6200000)]
  0x0000020e28c773e0 JavaThread "Unconstrained build operations Thread 36" [_thread_blocked, id=3704, stack(0x0000002ee6200000,0x0000002ee6300000)]
  0x0000020e28c778b0 JavaThread "Unconstrained build operations Thread 37" [_thread_blocked, id=13996, stack(0x0000002ee6300000,0x0000002ee6400000)]
  0x0000020e28c70060 JavaThread "Unconstrained build operations Thread 38" [_thread_blocked, id=14004, stack(0x0000002ee6400000,0x0000002ee6500000)]
  0x0000020e28c70530 JavaThread "Unconstrained build operations Thread 39" [_thread_blocked, id=15420, stack(0x0000002ee6500000,0x0000002ee6600000)]
  0x0000020e28c71d40 JavaThread "Unconstrained build operations Thread 40" [_thread_blocked, id=15424, stack(0x0000002ee6600000,0x0000002ee6700000)]
  0x0000020e2a1e3cb0 JavaThread "Unconstrained build operations Thread 41" [_thread_blocked, id=3684, stack(0x0000002ee6700000,0x0000002ee6800000)]
  0x0000020e2a1ea1c0 JavaThread "Unconstrained build operations Thread 42" [_thread_blocked, id=14092, stack(0x0000002ee6800000,0x0000002ee6900000)]
  0x0000020e2a1e8e80 JavaThread "Unconstrained build operations Thread 43" [_thread_blocked, id=3692, stack(0x0000002ee6900000,0x0000002ee6a00000)]
  0x0000020e2a1e5e60 JavaThread "Unconstrained build operations Thread 44" [_thread_blocked, id=14440, stack(0x0000002ee6a00000,0x0000002ee6b00000)]
  0x0000020e2a1e84e0 JavaThread "Unconstrained build operations Thread 45" [_thread_blocked, id=5240, stack(0x0000002ee6b00000,0x0000002ee6c00000)]
  0x0000020e2a1e3310 JavaThread "Unconstrained build operations Thread 46" [_thread_blocked, id=14348, stack(0x0000002ee6c00000,0x0000002ee6d00000)]
  0x0000020e2a1e2e40 JavaThread "Unconstrained build operations Thread 47" [_thread_blocked, id=8628, stack(0x0000002ee6d00000,0x0000002ee6e00000)]
  0x0000020e2a1e4ff0 JavaThread "Unconstrained build operations Thread 48" [_thread_blocked, id=13576, stack(0x0000002ee6e00000,0x0000002ee6f00000)]
  0x0000020e2a1e37e0 JavaThread "Unconstrained build operations Thread 49" [_thread_blocked, id=14096, stack(0x0000002ee6f00000,0x0000002ee7000000)]
  0x0000020e2a1e7670 JavaThread "Unconstrained build operations Thread 50" [_thread_blocked, id=15624, stack(0x0000002ee7000000,0x0000002ee7100000)]
  0x0000020e2a1e9cf0 JavaThread "Unconstrained build operations Thread 51" [_thread_blocked, id=13992, stack(0x0000002ee7100000,0x0000002ee7200000)]
  0x0000020e2a1e7b40 JavaThread "Unconstrained build operations Thread 52" [_thread_blocked, id=13324, stack(0x0000002ee7200000,0x0000002ee7300000)]
  0x0000020e2a1e4180 JavaThread "Unconstrained build operations Thread 53" [_thread_blocked, id=9824, stack(0x0000002ee7300000,0x0000002ee7400000)]
  0x0000020e2a1e54c0 JavaThread "Unconstrained build operations Thread 54" [_thread_blocked, id=12468, stack(0x0000002ee7400000,0x0000002ee7500000)]
  0x0000020e2a1e89b0 JavaThread "Unconstrained build operations Thread 55" [_thread_blocked, id=2660, stack(0x0000002ee7500000,0x0000002ee7600000)]
  0x0000020e2a1e9350 JavaThread "Unconstrained build operations Thread 56" [_thread_blocked, id=9700, stack(0x0000002ee7600000,0x0000002ee7700000)]
  0x0000020e2a1e5990 JavaThread "Unconstrained build operations Thread 57" [_thread_blocked, id=3060, stack(0x0000002ee7700000,0x0000002ee7800000)]
  0x0000020e2a1e9820 JavaThread "Unconstrained build operations Thread 58" [_thread_blocked, id=14304, stack(0x0000002ee7800000,0x0000002ee7900000)]
  0x0000020e2a1e6330 JavaThread "Unconstrained build operations Thread 59" [_thread_blocked, id=6564, stack(0x0000002ee7900000,0x0000002ee7a00000)]
  0x0000020e2a1e8010 JavaThread "Unconstrained build operations Thread 60" [_thread_blocked, id=8312, stack(0x0000002ee7a00000,0x0000002ee7b00000)]
  0x0000020e2a1e4650 JavaThread "Unconstrained build operations Thread 61" [_thread_blocked, id=6632, stack(0x0000002ee7b00000,0x0000002ee7c00000)]
  0x0000020e2a1e4b20 JavaThread "Unconstrained build operations Thread 62" [_thread_blocked, id=13848, stack(0x0000002ee7c00000,0x0000002ee7d00000)]
  0x0000020e2a1e6800 JavaThread "Unconstrained build operations Thread 63" [_thread_blocked, id=13968, stack(0x0000002ee7d00000,0x0000002ee7e00000)]
  0x0000020e2a1e6cd0 JavaThread "Unconstrained build operations Thread 64" [_thread_blocked, id=16240, stack(0x0000002ee7e00000,0x0000002ee7f00000)]
  0x0000020e2a1e71a0 JavaThread "Unconstrained build operations Thread 65" [_thread_blocked, id=15520, stack(0x0000002ee7f00000,0x0000002ee8000000)]
  0x0000020e2a1ea690 JavaThread "Unconstrained build operations Thread 66" [_thread_blocked, id=15856, stack(0x0000002ee8000000,0x0000002ee8100000)]
  0x0000020e2ab87280 JavaThread "Unconstrained build operations Thread 67" [_thread_blocked, id=15852, stack(0x0000002ee8100000,0x0000002ee8200000)]
  0x0000020e2ab85a70 JavaThread "Unconstrained build operations Thread 68" [_thread_blocked, id=10820, stack(0x0000002ee8200000,0x0000002ee8300000)]
  0x0000020e2ab8b5e0 JavaThread "Unconstrained build operations Thread 69" [_thread_blocked, id=1748, stack(0x0000002ee8300000,0x0000002ee8400000)]
  0x0000020e2ab8bab0 JavaThread "Unconstrained build operations Thread 70" [_thread_blocked, id=15200, stack(0x0000002ee8400000,0x0000002ee8500000)]
  0x0000020e2ab885c0 JavaThread "Unconstrained build operations Thread 71" [_thread_blocked, id=15524, stack(0x0000002ee8500000,0x0000002ee8600000)]
  0x0000020e2ab85f40 JavaThread "Unconstrained build operations Thread 72" [_thread_blocked, id=11112, stack(0x0000002ee8600000,0x0000002ee8700000)]
  0x0000020e2ab88a90 JavaThread "Unconstrained build operations Thread 73" [_thread_blocked, id=3884, stack(0x0000002ee8700000,0x0000002ee8800000)]
  0x0000020e2ab87750 JavaThread "Unconstrained build operations Thread 74" [_thread_blocked, id=2484, stack(0x0000002ee8800000,0x0000002ee8900000)]
  0x0000020e2ab8bf80 JavaThread "Unconstrained build operations Thread 75" [_thread_blocked, id=5468, stack(0x0000002ee8900000,0x0000002ee8a00000)]
  0x0000020e2ab8cdf0 JavaThread "Unconstrained build operations Thread 76" [_thread_blocked, id=14904, stack(0x0000002ee8a00000,0x0000002ee8b00000)]
  0x0000020e2ab880f0 JavaThread "Unconstrained build operations Thread 77" [_thread_blocked, id=3296, stack(0x0000002ee8b00000,0x0000002ee8c00000)]
  0x0000020e2ab89430 JavaThread "Unconstrained build operations Thread 78" [_thread_blocked, id=3984, stack(0x0000002ee8c00000,0x0000002ee8d00000)]
  0x0000020e2ab88f60 JavaThread "Unconstrained build operations Thread 79" [_thread_blocked, id=3864, stack(0x0000002ee8d00000,0x0000002ee8e00000)]
  0x0000020e2ab8c450 JavaThread "Unconstrained build operations Thread 80" [_thread_blocked, id=9312, stack(0x0000002ee8e00000,0x0000002ee8f00000)]
  0x0000020e2ab89900 JavaThread "jar transforms Thread 6" [_thread_blocked, id=13816, stack(0x0000002ee8f00000,0x0000002ee9000000)]
  0x0000020e2ab868e0 JavaThread "jar transforms Thread 7" [_thread_blocked, id=14672, stack(0x0000002ee9000000,0x0000002ee9100000)]
  0x0000020e2ab8d2c0 JavaThread "jar transforms Thread 8" [_thread_blocked, id=13824, stack(0x0000002ee9100000,0x0000002ee9200000)]
  0x0000020e2ab8ac40 JavaThread "build event listener" [_thread_blocked, id=7680, stack(0x0000002ee9200000,0x0000002ee9300000)]
  0x0000020e2ab89dd0 JavaThread "Memory manager" [_thread_blocked, id=11976, stack(0x0000002ee9300000,0x0000002ee9400000)]
  0x0000020e2af02f40 JavaThread "included builds" [_thread_blocked, id=15492, stack(0x0000002ee9700000,0x0000002ee9800000)]
  0x0000020e2af02a70 JavaThread "Execution worker" [_thread_blocked, id=14424, stack(0x0000002ee9800000,0x0000002ee9900000)]
  0x0000020e2af038e0 JavaThread "Execution worker Thread 2" [_thread_blocked, id=15868, stack(0x0000002ee9900000,0x0000002ee9a00000)]
  0x0000020e2af01260 JavaThread "Execution worker Thread 3" [_thread_blocked, id=14024, stack(0x0000002ee9a00000,0x0000002ee9b00000)]
  0x0000020e2af025a0 JavaThread "Execution worker Thread 4" [_thread_blocked, id=3648, stack(0x0000002ee9b00000,0x0000002ee9c00000)]
  0x0000020e2af03db0 JavaThread "Execution worker Thread 5" [_thread_blocked, id=10656, stack(0x0000002ee9c00000,0x0000002ee9d00000)]
  0x0000020e2af04280 JavaThread "Execution worker Thread 6" [_thread_blocked, id=15488, stack(0x0000002ee9d00000,0x0000002ee9e00000)]
  0x0000020e2af06900 JavaThread "Execution worker Thread 7" [_thread_blocked, id=2512, stack(0x0000002ee9e00000,0x0000002ee9f00000)]
  0x0000020e2af06dd0 JavaThread "Cache worker for execution history cache (C:\Users\ASUS\AndroidStudioProjects\VaxFinder\.gradle\8.0\executionHistory)" [_thread_blocked, id=15412, stack(0x0000002ee9f00000,0x0000002eea000000)]
  0x0000020e2b14dee0 JavaThread "WorkerExecutor Queue" [_thread_blocked, id=12100, stack(0x0000002eea000000,0x0000002eea100000)]
  0x0000020e2b14e880 JavaThread "pool-3-thread-1" [_thread_blocked, id=12916, stack(0x0000002eea100000,0x0000002eea200000)]
  0x0000020e2af00d90 JavaThread "stderr" [_thread_in_native, id=12056, stack(0x0000002eea200000,0x0000002eea300000)]
  0x0000020e2e133460 JavaThread "stdout" [_thread_in_native, id=15924, stack(0x0000002eea300000,0x0000002eea400000)]
  0x0000020e2737cce0 JavaThread "WorkerExecutor Queue Thread 2" [_thread_blocked, id=11048, stack(0x0000002eea400000,0x0000002eea500000)]
  0x0000020e2b14d540 JavaThread "WorkerExecutor Queue Thread 3" [_thread_blocked, id=1260, stack(0x0000002eea500000,0x0000002eea600000)]
  0x0000020e2b14da10 JavaThread "WorkerExecutor Queue Thread 4" [_thread_blocked, id=5172, stack(0x0000002eea600000,0x0000002eea700000)]
  0x0000020e2af04c20 JavaThread "ForkJoinPool-1-worker-1" daemon [_thread_blocked, id=10848, stack(0x0000002eea900000,0x0000002eeaa00000)]
  0x0000020e2f0a75e0 JavaThread "ForkJoinPool-1-worker-2" daemon [_thread_blocked, id=13088, stack(0x0000002eeaa00000,0x0000002eeab00000)]
  0x0000020e2af050f0 JavaThread "ForkJoinPool-1-worker-3" daemon [_thread_blocked, id=6480, stack(0x0000002eeab00000,0x0000002eeac00000)]
  0x0000020e2e132f90 JavaThread "ForkJoinPool-1-worker-4" daemon [_thread_blocked, id=12944, stack(0x0000002eeac00000,0x0000002eead00000)]
  0x0000020e2737d680 JavaThread "ForkJoinPool-1-worker-5" daemon [_thread_blocked, id=112, stack(0x0000002eead00000,0x0000002eeae00000)]
  0x0000020e2af072a0 JavaThread "ForkJoinPool-1-worker-6" daemon [_thread_blocked, id=8060, stack(0x0000002eeae00000,0x0000002eeaf00000)]
  0x0000020e2e133930 JavaThread "ForkJoinPool-1-worker-7" daemon [_thread_blocked, id=6136, stack(0x0000002eeaf00000,0x0000002eeb000000)]
  0x0000020e2dd45ca0 JavaThread "ForkJoinPool-1-worker-8" daemon [_thread_blocked, id=4708, stack(0x0000002eeb000000,0x0000002eeb100000)]

Other Threads:
=>0x0000020e232e6a20 VMThread "VM Thread" [stack: 0x0000002ee0b00000,0x0000002ee0c00000] [id=14384]
  0x0000020e241d8710 WatcherThread [stack: 0x0000002ee1700000,0x0000002ee1800000] [id=15996]
  0x0000020e09918ee0 GCTaskThread "GC Thread#0" [stack: 0x0000002ee0600000,0x0000002ee0700000] [id=3012]
  0x0000020e24d0fdf0 GCTaskThread "GC Thread#1" [stack: 0x0000002ee1900000,0x0000002ee1a00000] [id=2856]
  0x0000020e251d9b50 GCTaskThread "GC Thread#2" [stack: 0x0000002ee1a00000,0x0000002ee1b00000] [id=6308]
  0x0000020e25223590 GCTaskThread "GC Thread#3" [stack: 0x0000002ee1b00000,0x0000002ee1c00000] [id=2244]
  0x0000020e257dd550 GCTaskThread "GC Thread#4" [stack: 0x0000002ee1c00000,0x0000002ee1d00000] [id=4200]
  0x0000020e26be6090 GCTaskThread "GC Thread#5" [stack: 0x0000002ee2800000,0x0000002ee2900000] [id=1980]
  0x0000020e274a3630 GCTaskThread "GC Thread#6" [stack: 0x0000002ee2900000,0x0000002ee2a00000] [id=15588]
  0x0000020e25b64d00 GCTaskThread "GC Thread#7" [stack: 0x0000002ee2a00000,0x0000002ee2b00000] [id=10760]
  0x0000020e09929e20 ConcurrentGCThread "G1 Main Marker" [stack: 0x0000002ee0700000,0x0000002ee0800000] [id=2368]
  0x0000020e0992a830 ConcurrentGCThread "G1 Conc#0" [stack: 0x0000002ee0800000,0x0000002ee0900000] [id=1016]
  0x0000020e2706b900 ConcurrentGCThread "G1 Conc#1" [stack: 0x0000002ee2b00000,0x0000002ee2c00000] [id=296]
  0x0000020e0997e3c0 ConcurrentGCThread "G1 Refine#0" [stack: 0x0000002ee0900000,0x0000002ee0a00000] [id=10076]
  0x0000020e2afa87f0 ConcurrentGCThread "G1 Refine#1" [stack: 0x0000002ee9400000,0x0000002ee9500000] [id=11972]
  0x0000020e2afa8230 ConcurrentGCThread "G1 Refine#2" [stack: 0x0000002ee9500000,0x0000002ee9600000] [id=15320]
  0x0000020e2afa9c10 ConcurrentGCThread "G1 Refine#3" [stack: 0x0000002ee9600000,0x0000002ee9700000] [id=10236]
  0x0000020e2d92cb60 ConcurrentGCThread "G1 Refine#4" [stack: 0x0000002eea700000,0x0000002eea800000] [id=6240]
  0x0000020e253158d0 ConcurrentGCThread "G1 Refine#5" [stack: 0x0000002eea800000,0x0000002eea900000] [id=15544]
  0x0000020e242ec080 ConcurrentGCThread "G1 Refine#6" [stack: 0x0000002eeb100000,0x0000002eeb200000] [id=11444]
  0x0000020e23155cd0 ConcurrentGCThread "G1 Service" [stack: 0x0000002ee0a00000,0x0000002ee0b00000] [id=11316]

Threads with active compile tasks:
C2 CompilerThread0     9745 11995       4       com.android.tools.r8.dex.B::a (836 bytes)
C2 CompilerThread1     9745 11665       4       com.android.tools.r8.dex.B::l (1921 bytes)
C2 CompilerThread2     9745 11744       4       com.android.tools.r8.dex.code.O::a (3284 bytes)

VM state: at safepoint (normal execution)

VM Mutex/Monitor currently owned by a thread:  ([mutex/lock_event])
[0x0000020e098b8740] Threads_lock - owner thread: 0x0000020e232e6a20
[0x0000020e098b7ed0] Heap_lock - owner thread: 0x0000020e2af050f0

Heap address: 0x0000000080000000, size: 2048 MB, Compressed Oops mode: 32-bit

CDS archive(s) not mapped
Compressed class space mapped at: 0x0000000100000000-0x0000000140000000, reserved size: 1073741824
Narrow klass base: 0x0000000000000000, Narrow klass shift: 3, Narrow klass range: 0x140000000

GC Precious Log:
 CPUs: 8 total, 8 available
 Memory: 7886M
 Large Page Support: Disabled
 NUMA Support: Disabled
 Compressed Oops: Enabled (32-bit)
 Heap Region Size: 1M
 Heap Min Capacity: 8M
 Heap Initial Capacity: 124M
 Heap Max Capacity: 2G
 Pre-touch: Disabled
 Parallel Workers: 8
 Concurrent Workers: 2
 Concurrent Refinement Workers: 8
 Periodic GC: Disabled

Heap:
 garbage-first heap   total 220160K, used 165320K [0x0000000080000000, 0x0000000100000000)
  region size 1024K, 4 young (4096K), 4 survivors (4096K)
 Metaspace       used 99496K, committed 100160K, reserved 1138688K
  class space    used 13775K, committed 14080K, reserved 1048576K

Heap Regions: E=young(eden), S=young(survivor), O=old, HS=humongous(starts), HC=humongous(continues), CS=collection set, F=free, OA=open archive, CA=closed archive, TAMS=top-at-mark-start (previous, next)
|   0|0x0000000080000000, 0x0000000080100000, 0x0000000080100000|100%|HS|  |TAMS 0x0000000080100000, 0x0000000080000000| Complete 
|   1|0x0000000080100000, 0x0000000080200000, 0x0000000080200000|100%|HC|  |TAMS 0x0000000080200000, 0x0000000080100000| Complete 
|   2|0x0000000080200000, 0x0000000080300000, 0x0000000080300000|100%|HC|  |TAMS 0x0000000080300000, 0x0000000080200000| Complete 
|   3|0x0000000080300000, 0x0000000080400000, 0x0000000080400000|100%|HC|  |TAMS 0x0000000080400000, 0x0000000080300000| Complete 
|   4|0x0000000080400000, 0x0000000080500000, 0x0000000080500000|100%| O|  |TAMS 0x0000000080500000, 0x0000000080400000| Untracked 
|   5|0x0000000080500000, 0x0000000080600000, 0x0000000080600000|100%| O|  |TAMS 0x0000000080600000, 0x0000000080500000| Untracked 
|   6|0x0000000080600000, 0x0000000080700000, 0x0000000080700000|100%| O|  |TAMS 0x0000000080700000, 0x0000000080600000| Untracked 
|   7|0x0000000080700000, 0x0000000080800000, 0x0000000080800000|100%| O|  |TAMS 0x0000000080800000, 0x0000000080700000| Untracked 
|   8|0x0000000080800000, 0x0000000080900000, 0x0000000080900000|100%| O|  |TAMS 0x0000000080900000, 0x0000000080800000| Untracked 
|   9|0x0000000080900000, 0x0000000080a00000, 0x0000000080a00000|100%| O|  |TAMS 0x0000000080a00000, 0x0000000080900000| Untracked 
|  10|0x0000000080a00000, 0x0000000080b00000, 0x0000000080b00000|100%| O|  |TAMS 0x0000000080b00000, 0x0000000080a00000| Untracked 
|  11|0x0000000080b00000, 0x0000000080c00000, 0x0000000080c00000|100%| O|  |TAMS 0x0000000080c00000, 0x0000000080b00000| Untracked 
|  12|0x0000000080c00000, 0x0000000080d00000, 0x0000000080d00000|100%| O|  |TAMS 0x0000000080d00000, 0x0000000080c00000| Untracked 
|  13|0x0000000080d00000, 0x0000000080e00000, 0x0000000080e00000|100%| O|  |TAMS 0x0000000080e00000, 0x0000000080d00000| Untracked 
|  14|0x0000000080e00000, 0x0000000080f00000, 0x0000000080f00000|100%| O|  |TAMS 0x0000000080f00000, 0x0000000080e00000| Untracked 
|  15|0x0000000080f00000, 0x0000000081000000, 0x0000000081000000|100%| O|  |TAMS 0x0000000081000000, 0x0000000080f00000| Untracked 
|  16|0x0000000081000000, 0x0000000081100000, 0x0000000081100000|100%| O|  |TAMS 0x0000000081100000, 0x0000000081000000| Untracked 
|  17|0x0000000081100000, 0x0000000081200000, 0x0000000081200000|100%| O|  |TAMS 0x0000000081200000, 0x0000000081100000| Untracked 
|  18|0x0000000081200000, 0x0000000081300000, 0x0000000081300000|100%| O|  |TAMS 0x0000000081300000, 0x0000000081200000| Untracked 
|  19|0x0000000081300000, 0x0000000081400000, 0x0000000081400000|100%| O|  |TAMS 0x0000000081400000, 0x0000000081300000| Untracked 
|  20|0x0000000081400000, 0x0000000081500000, 0x0000000081500000|100%|HS|  |TAMS 0x0000000081500000, 0x0000000081400000| Complete 
|  21|0x0000000081500000, 0x0000000081600000, 0x0000000081600000|100%| O|  |TAMS 0x0000000081600000, 0x0000000081500000| Untracked 
|  22|0x0000000081600000, 0x0000000081700000, 0x0000000081700000|100%| O|  |TAMS 0x0000000081700000, 0x0000000081600000| Untracked 
|  23|0x0000000081700000, 0x0000000081800000, 0x0000000081800000|100%| O|  |TAMS 0x0000000081800000, 0x0000000081700000| Untracked 
|  24|0x0000000081800000, 0x0000000081900000, 0x0000000081900000|100%| O|  |TAMS 0x0000000081900000, 0x0000000081800000| Untracked 
|  25|0x0000000081900000, 0x0000000081a00000, 0x0000000081a00000|100%| O|  |TAMS 0x0000000081a00000, 0x0000000081900000| Untracked 
|  26|0x0000000081a00000, 0x0000000081b00000, 0x0000000081b00000|100%| O|  |TAMS 0x0000000081b00000, 0x0000000081a00000| Untracked 
|  27|0x0000000081b00000, 0x0000000081c00000, 0x0000000081c00000|100%|HS|  |TAMS 0x0000000081c00000, 0x0000000081b00000| Complete 
|  28|0x0000000081c00000, 0x0000000081d00000, 0x0000000081d00000|100%|HS|  |TAMS 0x0000000081d00000, 0x0000000081c00000| Complete 
|  29|0x0000000081d00000, 0x0000000081e00000, 0x0000000081e00000|100%| O|  |TAMS 0x0000000081e00000, 0x0000000081d00000| Untracked 
|  30|0x0000000081e00000, 0x0000000081f00000, 0x0000000081f00000|100%| O|  |TAMS 0x0000000081f00000, 0x0000000081e00000| Untracked 
|  31|0x0000000081f00000, 0x0000000082000000, 0x0000000082000000|100%| O|  |TAMS 0x0000000082000000, 0x0000000081f00000| Untracked 
|  32|0x0000000082000000, 0x0000000082100000, 0x0000000082100000|100%| O|  |TAMS 0x0000000082100000, 0x0000000082000000| Untracked 
|  33|0x0000000082100000, 0x0000000082200000, 0x0000000082200000|100%| O|  |TAMS 0x0000000082200000, 0x0000000082100000| Untracked 
|  34|0x0000000082200000, 0x0000000082300000, 0x0000000082300000|100%| O|  |TAMS 0x0000000082300000, 0x0000000082200000| Untracked 
|  35|0x0000000082300000, 0x0000000082400000, 0x0000000082400000|100%| O|  |TAMS 0x0000000082400000, 0x0000000082300000| Untracked 
|  36|0x0000000082400000, 0x0000000082500000, 0x0000000082500000|100%| O|  |TAMS 0x0000000082500000, 0x0000000082400000| Untracked 
|  37|0x0000000082500000, 0x0000000082600000, 0x0000000082600000|100%| O|  |TAMS 0x0000000082600000, 0x0000000082500000| Untracked 
|  38|0x0000000082600000, 0x0000000082700000, 0x0000000082700000|100%| O|  |TAMS 0x0000000082700000, 0x0000000082600000| Untracked 
|  39|0x0000000082700000, 0x0000000082800000, 0x0000000082800000|100%| O|  |TAMS 0x0000000082800000, 0x0000000082700000| Untracked 
|  40|0x0000000082800000, 0x0000000082900000, 0x0000000082900000|100%| O|  |TAMS 0x0000000082800000, 0x0000000082800000| Untracked 
|  41|0x0000000082900000, 0x0000000082a00000, 0x0000000082a00000|100%|HS|  |TAMS 0x0000000082a00000, 0x0000000082900000| Complete 
|  42|0x0000000082a00000, 0x0000000082b00000, 0x0000000082b00000|100%| O|  |TAMS 0x0000000082b00000, 0x0000000082a00000| Untracked 
|  43|0x0000000082b00000, 0x0000000082c00000, 0x0000000082c00000|100%| O|  |TAMS 0x0000000082c00000, 0x0000000082b00000| Untracked 
|  44|0x0000000082c00000, 0x0000000082d00000, 0x0000000082d00000|100%| O|  |TAMS 0x0000000082d00000, 0x0000000082c00000| Untracked 
|  45|0x0000000082d00000, 0x0000000082e00000, 0x0000000082e00000|100%| O|  |TAMS 0x0000000082e00000, 0x0000000082d00000| Untracked 
|  46|0x0000000082e00000, 0x0000000082f00000, 0x0000000082f00000|100%| O|  |TAMS 0x0000000082f00000, 0x0000000082e00000| Untracked 
|  47|0x0000000082f00000, 0x0000000083000000, 0x0000000083000000|100%| O|  |TAMS 0x0000000083000000, 0x0000000082f00000| Untracked 
|  48|0x0000000083000000, 0x0000000083100000, 0x0000000083100000|100%| O|  |TAMS 0x0000000083100000, 0x0000000083000000| Untracked 
|  49|0x0000000083100000, 0x0000000083200000, 0x0000000083200000|100%| O|  |TAMS 0x0000000083200000, 0x0000000083100000| Untracked 
|  50|0x0000000083200000, 0x0000000083300000, 0x0000000083300000|100%| O|  |TAMS 0x0000000083300000, 0x0000000083200000| Untracked 
|  51|0x0000000083300000, 0x0000000083400000, 0x0000000083400000|100%| O|  |TAMS 0x0000000083400000, 0x0000000083300000| Untracked 
|  52|0x0000000083400000, 0x0000000083500000, 0x0000000083500000|100%| O|  |TAMS 0x0000000083500000, 0x0000000083400000| Untracked 
|  53|0x0000000083500000, 0x0000000083600000, 0x0000000083600000|100%| O|  |TAMS 0x0000000083600000, 0x0000000083500000| Untracked 
|  54|0x0000000083600000, 0x0000000083700000, 0x0000000083700000|100%| O|  |TAMS 0x0000000083700000, 0x0000000083600000| Untracked 
|  55|0x0000000083700000, 0x0000000083800000, 0x0000000083800000|100%| O|  |TAMS 0x0000000083800000, 0x0000000083700000| Untracked 
|  56|0x0000000083800000, 0x0000000083900000, 0x0000000083900000|100%| O|  |TAMS 0x0000000083900000, 0x0000000083800000| Untracked 
|  57|0x0000000083900000, 0x0000000083a00000, 0x0000000083a00000|100%| O|  |TAMS 0x0000000083a00000, 0x0000000083900000| Untracked 
|  58|0x0000000083a00000, 0x0000000083b00000, 0x0000000083b00000|100%| O|  |TAMS 0x0000000083b00000, 0x0000000083a00000| Untracked 
|  59|0x0000000083b00000, 0x0000000083c00000, 0x0000000083c00000|100%| O|  |TAMS 0x0000000083c00000, 0x0000000083b00000| Untracked 
|  60|0x0000000083c00000, 0x0000000083d00000, 0x0000000083d00000|100%| O|  |TAMS 0x0000000083d00000, 0x0000000083c00000| Untracked 
|  61|0x0000000083d00000, 0x0000000083e00000, 0x0000000083e00000|100%| O|  |TAMS 0x0000000083e00000, 0x0000000083d00000| Untracked 
|  62|0x0000000083e00000, 0x0000000083f00000, 0x0000000083f00000|100%| O|  |TAMS 0x0000000083f00000, 0x0000000083e00000| Untracked 
|  63|0x0000000083f00000, 0x0000000084000000, 0x0000000084000000|100%| O|  |TAMS 0x0000000084000000, 0x0000000083f00000| Untracked 
|  64|0x0000000084000000, 0x0000000084100000, 0x0000000084100000|100%| O|  |TAMS 0x0000000084100000, 0x0000000084000000| Untracked 
|  65|0x0000000084100000, 0x0000000084200000, 0x0000000084200000|100%| O|  |TAMS 0x0000000084200000, 0x0000000084100000| Untracked 
|  66|0x0000000084200000, 0x0000000084300000, 0x0000000084300000|100%| O|  |TAMS 0x0000000084300000, 0x0000000084200000| Untracked 
|  67|0x0000000084300000, 0x0000000084400000, 0x0000000084400000|100%| O|  |TAMS 0x0000000084400000, 0x0000000084300000| Untracked 
|  68|0x0000000084400000, 0x0000000084500000, 0x0000000084500000|100%| O|  |TAMS 0x0000000084500000, 0x0000000084400000| Untracked 
|  69|0x0000000084500000, 0x0000000084600000, 0x0000000084600000|100%| O|  |TAMS 0x0000000084600000, 0x0000000084500000| Untracked 
|  70|0x0000000084600000, 0x0000000084700000, 0x0000000084700000|100%| O|  |TAMS 0x0000000084700000, 0x0000000084600000| Untracked 
|  71|0x0000000084700000, 0x0000000084800000, 0x0000000084800000|100%| O|  |TAMS 0x0000000084800000, 0x0000000084700000| Untracked 
|  72|0x0000000084800000, 0x0000000084900000, 0x0000000084900000|100%| O|  |TAMS 0x0000000084800000, 0x0000000084800000| Untracked 
|  73|0x0000000084900000, 0x0000000084a00000, 0x0000000084a00000|100%| O|  |TAMS 0x0000000084a00000, 0x0000000084900000| Untracked 
|  74|0x0000000084a00000, 0x0000000084b00000, 0x0000000084b00000|100%| O|  |TAMS 0x0000000084b00000, 0x0000000084a00000| Untracked 
|  75|0x0000000084b00000, 0x0000000084c00000, 0x0000000084c00000|100%| O|  |TAMS 0x0000000084c00000, 0x0000000084b00000| Untracked 
|  76|0x0000000084c00000, 0x0000000084d00000, 0x0000000084d00000|100%| O|  |TAMS 0x0000000084d00000, 0x0000000084c00000| Untracked 
|  77|0x0000000084d00000, 0x0000000084e00000, 0x0000000084e00000|100%| O|  |TAMS 0x0000000084e00000, 0x0000000084d00000| Untracked 
|  78|0x0000000084e00000, 0x0000000084f00000, 0x0000000084f00000|100%| O|  |TAMS 0x0000000084f00000, 0x0000000084e00000| Untracked 
|  79|0x0000000084f00000, 0x0000000085000000, 0x0000000085000000|100%| O|  |TAMS 0x0000000085000000, 0x0000000084f00000| Untracked 
|  80|0x0000000085000000, 0x0000000085100000, 0x0000000085100000|100%| O|  |TAMS 0x0000000085100000, 0x0000000085000000| Untracked 
|  81|0x0000000085100000, 0x0000000085200000, 0x0000000085200000|100%| O|  |TAMS 0x0000000085200000, 0x0000000085100000| Untracked 
|  82|0x0000000085200000, 0x0000000085300000, 0x0000000085300000|100%| O|  |TAMS 0x0000000085300000, 0x0000000085200000| Untracked 
|  83|0x0000000085300000, 0x0000000085400000, 0x0000000085400000|100%| O|  |TAMS 0x0000000085400000, 0x0000000085300000| Untracked 
|  84|0x0000000085400000, 0x0000000085500000, 0x0000000085500000|100%| O|  |TAMS 0x0000000085500000, 0x0000000085400000| Untracked 
|  85|0x0000000085500000, 0x0000000085600000, 0x0000000085600000|100%| O|  |TAMS 0x0000000085600000, 0x0000000085500000| Untracked 
|  86|0x0000000085600000, 0x0000000085700000, 0x0000000085700000|100%| O|  |TAMS 0x000000008565c000, 0x0000000085600000| Untracked 
|  87|0x0000000085700000, 0x0000000085800000, 0x0000000085800000|100%|HS|  |TAMS 0x0000000085800000, 0x0000000085700000| Complete 
|  88|0x0000000085800000, 0x0000000085900000, 0x0000000085900000|100%|HC|  |TAMS 0x0000000085900000, 0x0000000085800000| Complete 
|  89|0x0000000085900000, 0x0000000085a00000, 0x0000000085a00000|100%|HS|  |TAMS 0x0000000085a00000, 0x0000000085900000| Complete 
|  90|0x0000000085a00000, 0x0000000085b00000, 0x0000000085b00000|100%|HS|  |TAMS 0x0000000085b00000, 0x0000000085a00000| Complete 
|  91|0x0000000085b00000, 0x0000000085c00000, 0x0000000085c00000|100%|HC|  |TAMS 0x0000000085c00000, 0x0000000085b00000| Complete 
|  92|0x0000000085c00000, 0x0000000085d00000, 0x0000000085d00000|100%|HS|  |TAMS 0x0000000085d00000, 0x0000000085c00000| Complete 
|  93|0x0000000085d00000, 0x0000000085e00000, 0x0000000085e00000|100%|HC|  |TAMS 0x0000000085e00000, 0x0000000085d00000| Complete 
|  94|0x0000000085e00000, 0x0000000085f00000, 0x0000000085f00000|100%|HS|  |TAMS 0x0000000085f00000, 0x0000000085e00000| Complete 
|  95|0x0000000085f00000, 0x0000000086000000, 0x0000000086000000|100%|HC|  |TAMS 0x0000000086000000, 0x0000000085f00000| Complete 
|  96|0x0000000086000000, 0x0000000086100000, 0x0000000086100000|100%|HC|  |TAMS 0x0000000086100000, 0x0000000086000000| Complete 
|  97|0x0000000086100000, 0x0000000086200000, 0x0000000086200000|100%|HS|  |TAMS 0x0000000086100000, 0x0000000086100000| Complete 
|  98|0x0000000086200000, 0x0000000086300000, 0x0000000086300000|100%| O|  |TAMS 0x0000000086200000, 0x0000000086200000| Untracked 
|  99|0x0000000086300000, 0x0000000086400000, 0x0000000086400000|100%| O|  |TAMS 0x0000000086300000, 0x0000000086300000| Untracked 
| 100|0x0000000086400000, 0x0000000086500000, 0x0000000086500000|100%|HS|  |TAMS 0x0000000086500000, 0x0000000086400000| Complete 
| 101|0x0000000086500000, 0x0000000086600000, 0x0000000086600000|100%|HC|  |TAMS 0x0000000086600000, 0x0000000086500000| Complete 
| 102|0x0000000086600000, 0x0000000086700000, 0x0000000086700000|100%| O|  |TAMS 0x0000000086600000, 0x0000000086600000| Untracked 
| 103|0x0000000086700000, 0x0000000086800000, 0x0000000086800000|100%|HS|  |TAMS 0x0000000086800000, 0x0000000086700000| Complete 
| 104|0x0000000086800000, 0x0000000086900000, 0x0000000086900000|100%| O|  |TAMS 0x0000000086800000, 0x0000000086800000| Untracked 
| 105|0x0000000086900000, 0x0000000086a00000, 0x0000000086a00000|100%|HS|  |TAMS 0x0000000086a00000, 0x0000000086900000| Complete 
| 106|0x0000000086a00000, 0x0000000086b00000, 0x0000000086b00000|100%| O|  |TAMS 0x0000000086a00000, 0x0000000086a00000| Untracked 
| 107|0x0000000086b00000, 0x0000000086c00000, 0x0000000086c00000|100%| O|  |TAMS 0x0000000086b00000, 0x0000000086b00000| Untracked 
| 108|0x0000000086c00000, 0x0000000086d00000, 0x0000000086d00000|100%| O|  |TAMS 0x0000000086c00000, 0x0000000086c00000| Untracked 
| 109|0x0000000086d00000, 0x0000000086e00000, 0x0000000086e00000|100%|HS|  |TAMS 0x0000000086e00000, 0x0000000086d00000| Complete 
| 110|0x0000000086e00000, 0x0000000086f00000, 0x0000000086f00000|100%|HC|  |TAMS 0x0000000086f00000, 0x0000000086e00000| Complete 
| 111|0x0000000086f00000, 0x0000000087000000, 0x0000000087000000|100%| O|  |TAMS 0x0000000086f00000, 0x0000000086f00000| Untracked 
| 112|0x0000000087000000, 0x0000000087100000, 0x0000000087100000|100%| O|  |TAMS 0x0000000087000000, 0x0000000087000000| Untracked 
| 113|0x0000000087100000, 0x0000000087200000, 0x0000000087200000|100%| O|  |TAMS 0x0000000087100000, 0x0000000087100000| Untracked 
| 114|0x0000000087200000, 0x0000000087300000, 0x0000000087300000|100%|HS|  |TAMS 0x0000000087300000, 0x0000000087200000| Complete 
| 115|0x0000000087300000, 0x0000000087400000, 0x0000000087400000|100%|HC|  |TAMS 0x0000000087400000, 0x0000000087300000| Complete 
| 116|0x0000000087400000, 0x0000000087500000, 0x0000000087500000|100%| O|  |TAMS 0x0000000087400000, 0x0000000087400000| Untracked 
| 117|0x0000000087500000, 0x0000000087600000, 0x0000000087600000|100%| O|  |TAMS 0x0000000087500000, 0x0000000087500000| Untracked 
| 118|0x0000000087600000, 0x0000000087700000, 0x0000000087700000|100%| O|  |TAMS 0x0000000087600000, 0x0000000087600000| Untracked 
| 119|0x0000000087700000, 0x0000000087800000, 0x0000000087800000|100%| O|  |TAMS 0x0000000087700000, 0x0000000087700000| Untracked 
| 120|0x0000000087800000, 0x0000000087900000, 0x0000000087900000|100%| O|  |TAMS 0x0000000087800000, 0x0000000087800000| Untracked 
| 121|0x0000000087900000, 0x0000000087a00000, 0x0000000087a00000|100%| O|  |TAMS 0x0000000087900000, 0x0000000087900000| Untracked 
| 122|0x0000000087a00000, 0x0000000087b00000, 0x0000000087b00000|100%|HS|  |TAMS 0x0000000087b00000, 0x0000000087a00000| Complete 
| 123|0x0000000087b00000, 0x0000000087c00000, 0x0000000087c00000|100%|HC|  |TAMS 0x0000000087c00000, 0x0000000087b00000| Complete 
| 124|0x0000000087c00000, 0x0000000087d00000, 0x0000000087d00000|100%|HC|  |TAMS 0x0000000087d00000, 0x0000000087c00000| Complete 
| 125|0x0000000087d00000, 0x0000000087e00000, 0x0000000087e00000|100%|HS|  |TAMS 0x0000000087d00000, 0x0000000087d00000| Complete 
| 126|0x0000000087e00000, 0x0000000087f00000, 0x0000000087f00000|100%| O|  |TAMS 0x0000000087e00000, 0x0000000087e00000| Untracked 
| 127|0x0000000087f00000, 0x0000000088000000, 0x0000000088000000|100%| O|  |TAMS 0x0000000087f00000, 0x0000000087f00000| Untracked 
| 128|0x0000000088000000, 0x0000000088100000, 0x0000000088100000|100%| O|  |TAMS 0x0000000088000000, 0x0000000088000000| Untracked 
| 129|0x0000000088100000, 0x0000000088200000, 0x0000000088200000|100%| O|  |TAMS 0x0000000088100000, 0x0000000088100000| Untracked 
| 130|0x0000000088200000, 0x0000000088300000, 0x0000000088300000|100%| O|  |TAMS 0x0000000088200000, 0x0000000088200000| Untracked 
| 131|0x0000000088300000, 0x0000000088400000, 0x0000000088400000|100%| O|  |TAMS 0x0000000088300000, 0x0000000088300000| Untracked 
| 132|0x0000000088400000, 0x0000000088500000, 0x0000000088500000|100%| O|  |TAMS 0x0000000088400000, 0x0000000088400000| Untracked 
| 133|0x0000000088500000, 0x0000000088600000, 0x0000000088600000|100%| O|  |TAMS 0x0000000088500000, 0x0000000088500000| Untracked 
| 134|0x0000000088600000, 0x0000000088700000, 0x0000000088700000|100%| O|  |TAMS 0x0000000088600000, 0x0000000088600000| Untracked 
| 135|0x0000000088700000, 0x0000000088800000, 0x0000000088800000|100%| O|  |TAMS 0x0000000088700000, 0x0000000088700000| Untracked 
| 136|0x0000000088800000, 0x0000000088900000, 0x0000000088900000|100%| O|  |TAMS 0x0000000088800000, 0x0000000088800000| Untracked 
| 137|0x0000000088900000, 0x0000000088a00000, 0x0000000088a00000|100%| O|  |TAMS 0x0000000088900000, 0x0000000088900000| Untracked 
| 138|0x0000000088a00000, 0x0000000088b00000, 0x0000000088b00000|100%| O|  |TAMS 0x0000000088a00000, 0x0000000088a00000| Untracked 
| 139|0x0000000088b00000, 0x0000000088c00000, 0x0000000088c00000|100%| O|  |TAMS 0x0000000088b00000, 0x0000000088b00000| Untracked 
| 140|0x0000000088c00000, 0x0000000088d00000, 0x0000000088d00000|100%| O|  |TAMS 0x0000000088c00000, 0x0000000088c00000| Untracked 
| 141|0x0000000088d00000, 0x0000000088e00000, 0x0000000088e00000|100%| O|  |TAMS 0x0000000088d00000, 0x0000000088d00000| Untracked 
| 142|0x0000000088e00000, 0x0000000088f00000, 0x0000000088f00000|100%| O|  |TAMS 0x0000000088e00000, 0x0000000088e00000| Untracked 
| 143|0x0000000088f00000, 0x0000000089000000, 0x0000000089000000|100%| O|  |TAMS 0x0000000088f00000, 0x0000000088f00000| Untracked 
| 144|0x0000000089000000, 0x0000000089100000, 0x0000000089100000|100%| O|  |TAMS 0x0000000089000000, 0x0000000089000000| Untracked 
| 145|0x0000000089100000, 0x0000000089200000, 0x0000000089200000|100%| O|  |TAMS 0x0000000089100000, 0x0000000089100000| Untracked 
| 146|0x0000000089200000, 0x0000000089300000, 0x0000000089300000|100%| O|  |TAMS 0x0000000089200000, 0x0000000089200000| Untracked 
| 147|0x0000000089300000, 0x0000000089400000, 0x0000000089400000|100%| O|  |TAMS 0x0000000089300000, 0x0000000089300000| Untracked 
| 148|0x0000000089400000, 0x0000000089500000, 0x0000000089500000|100%| O|  |TAMS 0x0000000089400000, 0x0000000089400000| Untracked 
| 149|0x0000000089500000, 0x0000000089600000, 0x0000000089600000|100%| O|  |TAMS 0x0000000089500000, 0x0000000089500000| Untracked 
| 150|0x0000000089600000, 0x0000000089700000, 0x0000000089700000|100%| O|  |TAMS 0x0000000089600000, 0x0000000089600000| Untracked 
| 151|0x0000000089700000, 0x0000000089800000, 0x0000000089800000|100%| O|  |TAMS 0x0000000089700000, 0x0000000089700000| Untracked 
| 152|0x0000000089800000, 0x0000000089900000, 0x0000000089900000|100%| O|  |TAMS 0x0000000089800000, 0x0000000089800000| Untracked 
| 153|0x0000000089900000, 0x0000000089a00000, 0x0000000089a00000|100%| O|  |TAMS 0x0000000089900000, 0x0000000089900000| Untracked 
| 154|0x0000000089a00000, 0x0000000089b00000, 0x0000000089b00000|100%| O|  |TAMS 0x0000000089a00000, 0x0000000089a00000| Untracked 
| 155|0x0000000089b00000, 0x0000000089b72000, 0x0000000089c00000| 44%| O|  |TAMS 0x0000000089b00000, 0x0000000089b00000| Untracked 
| 156|0x0000000089c00000, 0x0000000089c00000, 0x0000000089d00000|  0%| F|  |TAMS 0x0000000089c00000, 0x0000000089c00000| Untracked 
| 157|0x0000000089d00000, 0x0000000089d00000, 0x0000000089e00000|  0%| F|  |TAMS 0x0000000089d00000, 0x0000000089d00000| Untracked 
| 158|0x0000000089e00000, 0x0000000089e00000, 0x0000000089f00000|  0%| F|  |TAMS 0x0000000089e00000, 0x0000000089e00000| Untracked 
| 159|0x0000000089f00000, 0x0000000089f00000, 0x000000008a000000|  0%| F|  |TAMS 0x0000000089f00000, 0x0000000089f00000| Untracked 
| 160|0x000000008a000000, 0x000000008a000000, 0x000000008a100000|  0%| F|  |TAMS 0x000000008a000000, 0x000000008a000000| Untracked 
| 161|0x000000008a100000, 0x000000008a100000, 0x000000008a200000|  0%| F|  |TAMS 0x000000008a100000, 0x000000008a100000| Untracked 
| 162|0x000000008a200000, 0x000000008a200000, 0x000000008a300000|  0%| F|  |TAMS 0x000000008a200000, 0x000000008a200000| Untracked 
| 163|0x000000008a300000, 0x000000008a300000, 0x000000008a400000|  0%| F|  |TAMS 0x000000008a300000, 0x000000008a300000| Untracked 
| 164|0x000000008a400000, 0x000000008a400000, 0x000000008a500000|  0%| F|  |TAMS 0x000000008a400000, 0x000000008a400000| Untracked 
| 165|0x000000008a500000, 0x000000008a500000, 0x000000008a600000|  0%| F|  |TAMS 0x000000008a500000, 0x000000008a500000| Untracked 
| 166|0x000000008a600000, 0x000000008a600000, 0x000000008a700000|  0%| F|  |TAMS 0x000000008a600000, 0x000000008a600000| Untracked 
| 167|0x000000008a700000, 0x000000008a700000, 0x000000008a800000|  0%| F|  |TAMS 0x000000008a700000, 0x000000008a700000| Untracked 
| 168|0x000000008a800000, 0x000000008a800000, 0x000000008a900000|  0%| F|  |TAMS 0x000000008a800000, 0x000000008a800000| Untracked 
| 169|0x000000008a900000, 0x000000008a900000, 0x000000008aa00000|  0%| F|  |TAMS 0x000000008a900000, 0x000000008a900000| Untracked 
| 170|0x000000008aa00000, 0x000000008aa00000, 0x000000008ab00000|  0%| F|  |TAMS 0x000000008aa00000, 0x000000008aa00000| Untracked 
| 171|0x000000008ab00000, 0x000000008ab00000, 0x000000008ac00000|  0%| F|  |TAMS 0x000000008ab00000, 0x000000008ab00000| Untracked 
| 172|0x000000008ac00000, 0x000000008ac00000, 0x000000008ad00000|  0%| F|  |TAMS 0x000000008ac00000, 0x000000008ac00000| Untracked 
| 173|0x000000008ad00000, 0x000000008ad00000, 0x000000008ae00000|  0%| F|  |TAMS 0x000000008ad00000, 0x000000008ad00000| Untracked 
| 174|0x000000008ae00000, 0x000000008ae00000, 0x000000008af00000|  0%| F|  |TAMS 0x000000008ae00000, 0x000000008ae00000| Untracked 
| 175|0x000000008af00000, 0x000000008af00000, 0x000000008b000000|  0%| F|  |TAMS 0x000000008af00000, 0x000000008af00000| Untracked 
| 176|0x000000008b000000, 0x000000008b000000, 0x000000008b100000|  0%| F|  |TAMS 0x000000008b000000, 0x000000008b000000| Untracked 
| 177|0x000000008b100000, 0x000000008b100000, 0x000000008b200000|  0%| F|  |TAMS 0x000000008b100000, 0x000000008b100000| Untracked 
| 178|0x000000008b200000, 0x000000008b200000, 0x000000008b300000|  0%| F|  |TAMS 0x000000008b200000, 0x000000008b200000| Untracked 
| 179|0x000000008b300000, 0x000000008b300000, 0x000000008b400000|  0%| F|  |TAMS 0x000000008b300000, 0x000000008b300000| Untracked 
| 180|0x000000008b400000, 0x000000008b400000, 0x000000008b500000|  0%| F|  |TAMS 0x000000008b400000, 0x000000008b400000| Untracked 
| 181|0x000000008b500000, 0x000000008b500000, 0x000000008b600000|  0%| F|  |TAMS 0x000000008b500000, 0x000000008b500000| Untracked 
| 182|0x000000008b600000, 0x000000008b600000, 0x000000008b700000|  0%| F|  |TAMS 0x000000008b600000, 0x000000008b600000| Untracked 
| 183|0x000000008b700000, 0x000000008b700000, 0x000000008b800000|  0%| F|  |TAMS 0x000000008b700000, 0x000000008b700000| Untracked 
| 184|0x000000008b800000, 0x000000008b800000, 0x000000008b900000|  0%| F|  |TAMS 0x000000008b800000, 0x000000008b800000| Untracked 
| 185|0x000000008b900000, 0x000000008b900000, 0x000000008ba00000|  0%| F|  |TAMS 0x000000008b900000, 0x000000008b900000| Untracked 
| 186|0x000000008ba00000, 0x000000008bb00000, 0x000000008bb00000|100%| S|CS|TAMS 0x000000008ba00000, 0x000000008ba00000| Complete 
| 187|0x000000008bb00000, 0x000000008bc00000, 0x000000008bc00000|100%| S|CS|TAMS 0x000000008bb00000, 0x000000008bb00000| Complete 
| 188|0x000000008bc00000, 0x000000008bd00000, 0x000000008bd00000|100%| S|CS|TAMS 0x000000008bc00000, 0x000000008bc00000| Complete 
| 189|0x000000008bd00000, 0x000000008be00000, 0x000000008be00000|100%| S|CS|TAMS 0x000000008bd00000, 0x000000008bd00000| Complete 
| 190|0x000000008be00000, 0x000000008be00000, 0x000000008bf00000|  0%| F|  |TAMS 0x000000008be00000, 0x000000008be00000| Untracked 
| 191|0x000000008bf00000, 0x000000008bf00000, 0x000000008c000000|  0%| F|  |TAMS 0x000000008bf00000, 0x000000008bf00000| Untracked 
| 192|0x000000008c000000, 0x000000008c000000, 0x000000008c100000|  0%| F|  |TAMS 0x000000008c000000, 0x000000008c000000| Untracked 
| 193|0x000000008c100000, 0x000000008c100000, 0x000000008c200000|  0%| F|  |TAMS 0x000000008c100000, 0x000000008c100000| Untracked 
| 194|0x000000008c200000, 0x000000008c200000, 0x000000008c300000|  0%| F|  |TAMS 0x000000008c200000, 0x000000008c200000| Untracked 
| 195|0x000000008c300000, 0x000000008c300000, 0x000000008c400000|  0%| F|  |TAMS 0x000000008c300000, 0x000000008c300000| Untracked 
| 196|0x000000008c400000, 0x000000008c400000, 0x000000008c500000|  0%| F|  |TAMS 0x000000008c400000, 0x000000008c400000| Untracked 
| 197|0x000000008c500000, 0x000000008c500000, 0x000000008c600000|  0%| F|  |TAMS 0x000000008c500000, 0x000000008c500000| Untracked 
| 198|0x000000008c600000, 0x000000008c600000, 0x000000008c700000|  0%| F|  |TAMS 0x000000008c600000, 0x000000008c600000| Untracked 
| 199|0x000000008c700000, 0x000000008c700000, 0x000000008c800000|  0%| F|  |TAMS 0x000000008c700000, 0x000000008c700000| Untracked 
| 200|0x000000008c800000, 0x000000008c800000, 0x000000008c900000|  0%| F|  |TAMS 0x000000008c800000, 0x000000008c800000| Untracked 
| 201|0x000000008c900000, 0x000000008c900000, 0x000000008ca00000|  0%| F|  |TAMS 0x000000008c900000, 0x000000008c900000| Untracked 
| 202|0x000000008ca00000, 0x000000008ca00000, 0x000000008cb00000|  0%| F|  |TAMS 0x000000008ca00000, 0x000000008ca00000| Untracked 
| 203|0x000000008cb00000, 0x000000008cb00000, 0x000000008cc00000|  0%| F|  |TAMS 0x000000008cb00000, 0x000000008cb00000| Untracked 
| 204|0x000000008cc00000, 0x000000008cc00000, 0x000000008cd00000|  0%| F|  |TAMS 0x000000008cc00000, 0x000000008cc00000| Untracked 
| 205|0x000000008cd00000, 0x000000008cd00000, 0x000000008ce00000|  0%| F|  |TAMS 0x000000008cd00000, 0x000000008cd00000| Untracked 
| 206|0x000000008ce00000, 0x000000008ce00000, 0x000000008cf00000|  0%| F|  |TAMS 0x000000008ce00000, 0x000000008ce00000| Untracked 
| 207|0x000000008cf00000, 0x000000008cf00000, 0x000000008d000000|  0%| F|  |TAMS 0x000000008cf00000, 0x000000008cf00000| Untracked 
| 208|0x000000008d000000, 0x000000008d000000, 0x000000008d100000|  0%| F|  |TAMS 0x000000008d000000, 0x000000008d000000| Untracked 
| 209|0x000000008d100000, 0x000000008d100000, 0x000000008d200000|  0%| F|  |TAMS 0x000000008d100000, 0x000000008d100000| Untracked 
| 210|0x000000008d200000, 0x000000008d200000, 0x000000008d300000|  0%| F|  |TAMS 0x000000008d200000, 0x000000008d200000| Untracked 
| 211|0x000000008d300000, 0x000000008d300000, 0x000000008d400000|  0%| F|  |TAMS 0x000000008d300000, 0x000000008d300000| Untracked 
| 212|0x000000008d400000, 0x000000008d400000, 0x000000008d500000|  0%| F|  |TAMS 0x000000008d400000, 0x000000008d400000| Untracked 
|2046|0x00000000ffe00000, 0x00000000fff00000, 0x00000000fff00000|100%| O|  |TAMS 0x00000000ffe00000, 0x00000000ffe00000| Untracked 
|2047|0x00000000fff00000, 0x0000000100000000, 0x0000000100000000|100%| O|  |TAMS 0x00000000fff00000, 0x00000000fff00000| Untracked 

Card table byte_map: [0x0000020e1c4b0000,0x0000020e1c8b0000] _byte_map_base: 0x0000020e1c0b0000

Marking Bits (Prev, Next): (CMBitMap*) 0x0000020e09919530, (CMBitMap*) 0x0000020e099194f0
 Prev Bits: [0x0000020e1ecb0000, 0x0000020e20cb0000)
 Next Bits: [0x0000020e1ccb0000, 0x0000020e1ecb0000)

Polling page: 0x0000020e07870000

Metaspace:

Usage:
  Non-class:     83.71 MB used.
      Class:     13.45 MB used.
       Both:     97.16 MB used.

Virtual space:
  Non-class space:       88.00 MB reserved,      84.06 MB ( 96%) committed,  11 nodes.
      Class space:        1.00 GB reserved,      13.75 MB (  1%) committed,  1 nodes.
             Both:        1.09 GB reserved,      97.81 MB (  9%) committed. 

Chunk freelists:
   Non-Class:  3.19 MB
       Class:  2.09 MB
        Both:  5.28 MB

MaxMetaspaceSize: unlimited
CompressedClassSpaceSize: 1.00 GB
Initial GC threshold: 21.00 MB
Current GC threshold: 158.69 MB
CDS: off
MetaspaceReclaimPolicy: balanced
 - commit_granule_bytes: 65536.
 - commit_granule_words: 8192.
 - virtual_space_node_default_size: 1048576.
 - enlarge_chunks_in_place: 1.
 - new_chunks_are_fully_committed: 0.
 - uncommit_free_chunks: 1.
 - use_allocation_guard: 0.
 - handle_deallocations: 1.


Internal statistics:

num_allocs_failed_limit: 9.
num_arena_births: 1070.
num_arena_deaths: 14.
num_vsnodes_births: 12.
num_vsnodes_deaths: 0.
num_space_committed: 1564.
num_space_uncommitted: 0.
num_chunks_returned_to_freelist: 28.
num_chunks_taken_from_freelist: 4747.
num_chunk_merges: 17.
num_chunk_splits: 3151.
num_chunks_enlarged: 2150.
num_purges: 2.
num_inconsistent_stats: 0.

CodeHeap 'non-profiled nmethods': size=120000Kb used=6281Kb max_used=6281Kb free=113719Kb
 bounds [0x0000020e14850000, 0x0000020e14e80000, 0x0000020e1bd80000]
CodeHeap 'profiled nmethods': size=120000Kb used=20467Kb max_used=20467Kb free=99532Kb
 bounds [0x0000020e0cd80000, 0x0000020e0e180000, 0x0000020e142b0000]
CodeHeap 'non-nmethods': size=5760Kb used=2419Kb max_used=2470Kb free=3340Kb
 bounds [0x0000020e142b0000, 0x0000020e14530000, 0x0000020e14850000]
 total_blobs=11587 nmethods=10651 adapters=848
 compilation: enabled
              stopped_count=0, restarted_count=0
 full_count=0

Compilation events (20 events):
Event: 9.701 Thread 0x0000020e24069760 12174       2       com.android.tools.r8.utils.structural.l::a (21 bytes)
Event: 9.701 Thread 0x0000020e24069760 nmethod 12174 0x0000020e0e17a310 code [0x0000020e0e17a4c0, 0x0000020e0e17a688]
Event: 9.701 Thread 0x0000020e24069760 12175       2       com.android.tools.r8.utils.structural.l::<init> (15 bytes)
Event: 9.702 Thread 0x0000020e24069760 nmethod 12175 0x0000020e0e17a790 code [0x0000020e0e17a920, 0x0000020e0e17aa78]
Event: 9.702 Thread 0x0000020e24069760 12176       2       com.android.tools.r8.graph.w0$b$$Lambda$1455/0x0000000100ddcd58::a (5 bytes)
Event: 9.702 Thread 0x0000020e24069760 nmethod 12176 0x0000020e0e17ab10 code [0x0000020e0e17ace0, 0x0000020e0e17af88]
Event: 9.702 Thread 0x0000020e24069760 12184       2       java.util.Arrays::hashCode (44 bytes)
Event: 9.702 Thread 0x0000020e24069760 nmethod 12184 0x0000020e0e17b190 code [0x0000020e0e17b320, 0x0000020e0e17b4b8]
Event: 9.702 Thread 0x0000020e24069760 12181       2       com.android.tools.r8.graph.w0$b$$Lambda$1465/0x0000000100ddf260::apply (8 bytes)
Event: 9.702 Thread 0x0000020e24069760 nmethod 12181 0x0000020e0e17b590 code [0x0000020e0e17b720, 0x0000020e0e17b858]
Event: 9.702 Thread 0x0000020e24069760 12177       2       com.android.tools.r8.graph.w0$b::a (19 bytes)
Event: 9.703 Thread 0x0000020e24069760 nmethod 12177 0x0000020e0e17b990 code [0x0000020e0e17bb60, 0x0000020e0e17bde8]
Event: 9.703 Thread 0x0000020e24069760 12178       2       com.android.tools.r8.utils.structural.l::a (18 bytes)
Event: 9.703 Thread 0x0000020e24069760 nmethod 12178 0x0000020e0e17bf90 code [0x0000020e0e17c120, 0x0000020e0e17c268]
Event: 9.703 Thread 0x0000020e24069760 12179       2       com.android.tools.r8.graph.w0$b$$Lambda$1461/0x0000000100dde2e0::applyAsInt (8 bytes)
Event: 9.703 Thread 0x0000020e24069760 nmethod 12179 0x0000020e0e17c310 code [0x0000020e0e17c4a0, 0x0000020e0e17c5d8]
Event: 9.703 Thread 0x0000020e24069760 12185       2       com.android.tools.r8.utils.A1::B0 (52 bytes)
Event: 9.703 Thread 0x0000020e24069760 nmethod 12185 0x0000020e0e17c710 code [0x0000020e0e17c8a0, 0x0000020e0e17c9b8]
Event: 9.703 Thread 0x0000020e24069760 12183       2       com.android.tools.r8.graph.B2$a::v0 (2 bytes)
Event: 9.703 Thread 0x0000020e24069760 nmethod 12183 0x0000020e0e17ca90 code [0x0000020e0e17cc20, 0x0000020e0e17cd38]

GC Heap History (20 events):
Event: 7.393 GC heap after
{Heap after GC invocations=19 (full 0):
 garbage-first heap   total 160768K, used 65984K [0x0000000080000000, 0x0000000100000000)
  region size 1024K, 9 young (9216K), 9 survivors (9216K)
 Metaspace       used 87819K, committed 88448K, reserved 1130496K
  class space    used 11999K, committed 12288K, reserved 1048576K
}
Event: 7.810 GC heap before
{Heap before GC invocations=19 (full 0):
 garbage-first heap   total 160768K, used 124352K [0x0000000080000000, 0x0000000100000000)
  region size 1024K, 66 young (67584K), 9 survivors (9216K)
 Metaspace       used 89837K, committed 90496K, reserved 1130496K
  class space    used 12405K, committed 12736K, reserved 1048576K
}
Event: 7.820 GC heap after
{Heap after GC invocations=20 (full 0):
 garbage-first heap   total 160768K, used 74669K [0x0000000080000000, 0x0000000100000000)
  region size 1024K, 8 young (8192K), 8 survivors (8192K)
 Metaspace       used 89837K, committed 90496K, reserved 1130496K
  class space    used 12405K, committed 12736K, reserved 1048576K
}
Event: 8.124 GC heap before
{Heap before GC invocations=20 (full 0):
 garbage-first heap   total 160768K, used 125869K [0x0000000080000000, 0x0000000100000000)
  region size 1024K, 59 young (60416K), 8 survivors (8192K)
 Metaspace       used 90359K, committed 90944K, reserved 1130496K
  class space    used 12442K, committed 12736K, reserved 1048576K
}
Event: 8.131 GC heap after
{Heap after GC invocations=21 (full 0):
 garbage-first heap   total 160768K, used 79554K [0x0000000080000000, 0x0000000100000000)
  region size 1024K, 6 young (6144K), 6 survivors (6144K)
 Metaspace       used 90359K, committed 90944K, reserved 1130496K
  class space    used 12442K, committed 12736K, reserved 1048576K
}
Event: 8.367 GC heap before
{Heap before GC invocations=21 (full 0):
 garbage-first heap   total 160768K, used 118466K [0x0000000080000000, 0x0000000100000000)
  region size 1024K, 46 young (47104K), 6 survivors (6144K)
 Metaspace       used 90946K, committed 91584K, reserved 1130496K
  class space    used 12498K, committed 12800K, reserved 1048576K
}
Event: 8.372 GC heap after
{Heap after GC invocations=22 (full 0):
 garbage-first heap   total 160768K, used 83537K [0x0000000080000000, 0x0000000100000000)
  region size 1024K, 5 young (5120K), 5 survivors (5120K)
 Metaspace       used 90946K, committed 91584K, reserved 1130496K
  class space    used 12498K, committed 12800K, reserved 1048576K
}
Event: 8.663 GC heap before
{Heap before GC invocations=23 (full 0):
 garbage-first heap   total 160768K, used 129617K [0x0000000080000000, 0x0000000100000000)
  region size 1024K, 50 young (51200K), 5 survivors (5120K)
 Metaspace       used 92567K, committed 93248K, reserved 1130496K
  class space    used 12642K, committed 12992K, reserved 1048576K
}
Event: 8.670 GC heap after
{Heap after GC invocations=24 (full 0):
 garbage-first heap   total 160768K, used 87605K [0x0000000080000000, 0x0000000100000000)
  region size 1024K, 6 young (6144K), 6 survivors (6144K)
 Metaspace       used 92567K, committed 93248K, reserved 1130496K
  class space    used 12642K, committed 12992K, reserved 1048576K
}
Event: 8.674 GC heap before
{Heap before GC invocations=24 (full 0):
 garbage-first heap   total 160768K, used 88629K [0x0000000080000000, 0x0000000100000000)
  region size 1024K, 7 young (7168K), 6 survivors (6144K)
 Metaspace       used 92597K, committed 93248K, reserved 1130496K
  class space    used 12643K, committed 12992K, reserved 1048576K
}
Event: 8.680 GC heap after
{Heap after GC invocations=25 (full 0):
 garbage-first heap   total 193536K, used 88330K [0x0000000080000000, 0x0000000100000000)
  region size 1024K, 1 young (1024K), 1 survivors (1024K)
 Metaspace       used 92597K, committed 93248K, reserved 1130496K
  class space    used 12643K, committed 12992K, reserved 1048576K
}
Event: 9.062 GC heap before
{Heap before GC invocations=25 (full 0):
 garbage-first heap   total 193536K, used 182538K [0x0000000080000000, 0x0000000100000000)
  region size 1024K, 56 young (57344K), 1 survivors (1024K)
 Metaspace       used 96735K, committed 97344K, reserved 1138688K
  class space    used 13218K, committed 13504K, reserved 1048576K
}
Event: 9.067 GC heap after
{Heap after GC invocations=26 (full 0):
 garbage-first heap   total 196608K, used 121808K [0x0000000080000000, 0x0000000100000000)
  region size 1024K, 9 young (9216K), 9 survivors (9216K)
 Metaspace       used 96735K, committed 97344K, reserved 1138688K
  class space    used 13218K, committed 13504K, reserved 1048576K
}
Event: 9.378 GC heap before
{Heap before GC invocations=27 (full 0):
 garbage-first heap   total 220160K, used 160720K [0x0000000080000000, 0x0000000100000000)
  region size 1024K, 46 young (47104K), 9 survivors (9216K)
 Metaspace       used 96802K, committed 97472K, reserved 1138688K
  class space    used 13219K, committed 13504K, reserved 1048576K
}
Event: 9.392 GC heap after
{Heap after GC invocations=28 (full 0):
 garbage-first heap   total 220160K, used 136018K [0x0000000080000000, 0x0000000100000000)
  region size 1024K, 6 young (6144K), 6 survivors (6144K)
 Metaspace       used 96802K, committed 97472K, reserved 1138688K
  class space    used 13219K, committed 13504K, reserved 1048576K
}
Event: 9.426 GC heap before
{Heap before GC invocations=28 (full 0):
 garbage-first heap   total 220160K, used 140114K [0x0000000080000000, 0x0000000100000000)
  region size 1024K, 10 young (10240K), 6 survivors (6144K)
 Metaspace       used 96802K, committed 97472K, reserved 1138688K
  class space    used 13219K, committed 13504K, reserved 1048576K
}
Event: 9.433 GC heap after
{Heap after GC invocations=29 (full 0):
 garbage-first heap   total 220160K, used 138872K [0x0000000080000000, 0x0000000100000000)
  region size 1024K, 2 young (2048K), 2 survivors (2048K)
 Metaspace       used 96802K, committed 97472K, reserved 1138688K
  class space    used 13219K, committed 13504K, reserved 1048576K
}
Event: 9.633 GC heap before
{Heap before GC invocations=29 (full 0):
 garbage-first heap   total 220160K, used 172664K [0x0000000080000000, 0x0000000100000000)
  region size 1024K, 36 young (36864K), 2 survivors (2048K)
 Metaspace       used 99401K, committed 100032K, reserved 1138688K
  class space    used 13774K, committed 14080K, reserved 1048576K
}
Event: 9.646 GC heap after
{Heap after GC invocations=30 (full 0):
 garbage-first heap   total 220160K, used 152754K [0x0000000080000000, 0x0000000100000000)
  region size 1024K, 5 young (5120K), 5 survivors (5120K)
 Metaspace       used 99401K, committed 100032K, reserved 1138688K
  class space    used 13774K, committed 14080K, reserved 1048576K
}
Event: 9.704 GC heap before
{Heap before GC invocations=30 (full 0):
 garbage-first heap   total 220160K, used 175282K [0x0000000080000000, 0x0000000100000000)
  region size 1024K, 28 young (28672K), 5 survivors (5120K)
 Metaspace       used 99496K, committed 100160K, reserved 1138688K
  class space    used 13775K, committed 14080K, reserved 1048576K
}

Dll operation events (2 events):
Event: 0.006 Loaded shared library C:\Program Files\Android\Android Studio\jbr\bin\java.dll
Event: 0.373 Loaded shared library C:\Program Files\Android\Android Studio\jbr\bin\verify.dll

Deoptimization events (20 events):
Event: 9.527 Thread 0x0000020e2e133930 DEOPT PACKING pc=0x0000020e14e6078c sp=0x0000002eeaffd610
Event: 9.527 Thread 0x0000020e2e133930 DEOPT UNPACKING pc=0x0000020e1430a1a3 sp=0x0000002eeaffd5b8 mode 2
Event: 9.527 Thread 0x0000020e2af050f0 DEOPT PACKING pc=0x0000020e14e6078c sp=0x0000002eeabfd790
Event: 9.527 Thread 0x0000020e2af050f0 DEOPT UNPACKING pc=0x0000020e1430a1a3 sp=0x0000002eeabfd738 mode 2
Event: 9.595 Thread 0x0000020e2e132f90 DEOPT PACKING pc=0x0000020e0e1061d5 sp=0x0000002eeacfe980
Event: 9.595 Thread 0x0000020e2e132f90 DEOPT UNPACKING pc=0x0000020e1430ace3 sp=0x0000002eeacfdf10 mode 0
Event: 9.597 Thread 0x0000020e2e132f90 Uncommon trap: trap_request=0xffffff45 fr.pc=0x0000020e14bfe02c relative=0x000000000000038c
Event: 9.597 Thread 0x0000020e2e132f90 Uncommon trap: reason=unstable_if action=reinterpret pc=0x0000020e14bfe02c method=java.util.concurrent.ConcurrentLinkedQueue.offer(Ljava/lang/Object;)Z @ 96 c2
Event: 9.597 Thread 0x0000020e2e132f90 DEOPT PACKING pc=0x0000020e14bfe02c sp=0x0000002eeacfea90
Event: 9.597 Thread 0x0000020e2e132f90 DEOPT UNPACKING pc=0x0000020e1430a1a3 sp=0x0000002eeacfea28 mode 2
Event: 9.599 Thread 0x0000020e2af050f0 DEOPT PACKING pc=0x0000020e0e1061d5 sp=0x0000002eeabfed90
Event: 9.599 Thread 0x0000020e2af050f0 DEOPT UNPACKING pc=0x0000020e1430ace3 sp=0x0000002eeabfe320 mode 0
Event: 9.602 Thread 0x0000020e2af04c20 DEOPT PACKING pc=0x0000020e0e1061d5 sp=0x0000002eea9fed70
Event: 9.602 Thread 0x0000020e2af04c20 DEOPT UNPACKING pc=0x0000020e1430ace3 sp=0x0000002eea9fe300 mode 0
Event: 9.646 Thread 0x0000020e2af04c20 DEOPT PACKING pc=0x0000020e0e12a2a9 sp=0x0000002eea9fe8d0
Event: 9.646 Thread 0x0000020e2af04c20 DEOPT UNPACKING pc=0x0000020e1430ace3 sp=0x0000002eea9fde18 mode 0
Event: 9.659 Thread 0x0000020e2af072a0 DEOPT PACKING pc=0x0000020e0e0fde34 sp=0x0000002eeaefed70
Event: 9.659 Thread 0x0000020e2af072a0 DEOPT UNPACKING pc=0x0000020e1430ace3 sp=0x0000002eeaefe288 mode 0
Event: 9.659 Thread 0x0000020e2737d680 DEOPT PACKING pc=0x0000020e0e12a2a9 sp=0x0000002eeadfea10
Event: 9.659 Thread 0x0000020e2737d680 DEOPT UNPACKING pc=0x0000020e1430ace3 sp=0x0000002eeadfdf58 mode 0

Classes unloaded (7 events):
Event: 8.423 Thread 0x0000020e232e6a20 Unloading class 0x0000000100c85c00 'java/lang/invoke/LambdaForm$DMH+0x0000000100c85c00'
Event: 8.423 Thread 0x0000020e232e6a20 Unloading class 0x0000000100c85800 'java/lang/invoke/LambdaForm$DMH+0x0000000100c85800'
Event: 8.423 Thread 0x0000020e232e6a20 Unloading class 0x0000000100c85000 'java/lang/invoke/LambdaForm$DMH+0x0000000100c85000'
Event: 8.423 Thread 0x0000020e232e6a20 Unloading class 0x0000000100c85400 'java/lang/invoke/LambdaForm$DMH+0x0000000100c85400'
Event: 8.423 Thread 0x0000020e232e6a20 Unloading class 0x0000000100c84400 'java/lang/invoke/LambdaForm$DMH+0x0000000100c84400'
Event: 8.423 Thread 0x0000020e232e6a20 Unloading class 0x0000000100c84000 'java/lang/invoke/LambdaForm$DMH+0x0000000100c84000'
Event: 8.423 Thread 0x0000020e232e6a20 Unloading class 0x0000000100c84c00 'java/lang/invoke/LambdaForm$DMH+0x0000000100c84c00'

Classes redefined (0 events):
No events

Internal exceptions (20 events):
Event: 8.405 Thread 0x0000020e2af01260 Exception <a 'java/lang/NoSuchMethodError'{0x0000000089a6cda0}: static Lcom/android/build/api/variant/impl/SerializableApplicationMultiOutputHandler;.<clinit>()V> (0x0000000089a6cda0) 
thrown [s\src\hotspot\share\prims\jni.cpp, line 1108]
Event: 8.406 Thread 0x0000020e2af01260 Exception <a 'java/lang/NoSuchMethodError'{0x0000000089a82908}: static Lcom/android/build/api/variant/impl/VariantOutputImpl$SerializedForm;.<clinit>()V> (0x0000000089a82908) 
thrown [s\src\hotspot\share\prims\jni.cpp, line 1108]
Event: 8.406 Thread 0x0000020e2af01260 Exception <a 'java/lang/NoSuchMethodError'{0x0000000089a96808}: static Lcom/android/build/api/variant/impl/VariantOutputConfigurationImpl;.<clinit>()V> (0x0000000089a96808) 
thrown [s\src\hotspot\share\prims\jni.cpp, line 1108]
Event: 8.441 Thread 0x0000020e2af04280 Exception <a 'sun/nio/fs/WindowsException'{0x000000008987fd88}> (0x000000008987fd88) 
thrown [s\src\hotspot\share\prims\jni.cpp, line 517]
Event: 8.454 Thread 0x0000020e2af04280 Exception <a 'java/lang/NoSuchMethodError'{0x00000000898fa6f0}: 'int java.lang.invoke.DirectMethodHandle$Holder.invokeSpecial(java.lang.Object, java.lang.Object, java.lang.Object, java.lang.Object, java.lang.Object)'> (0x00000000898fa6f0) 
thrown [s\src\hotspot\share\interpreter\linkResolver.cpp, line 771]
Event: 8.502 Thread 0x0000020e2af04280 Exception <a 'sun/nio/fs/WindowsException'{0x0000000088ead9f0}> (0x0000000088ead9f0) 
thrown [s\src\hotspot\share\prims\jni.cpp, line 517]
Event: 8.721 Thread 0x0000020e2b14dee0 Exception <a 'java/lang/NoSuchMethodError'{0x000000008b5659d0}: 'void java.lang.invoke.DirectMethodHandle$Holder.invokeStatic(java.lang.Object, long)'> (0x000000008b5659d0) 
thrown [s\src\hotspot\share\interpreter\linkResolver.cpp, line 771]
Event: 8.722 Thread 0x0000020e2b14dee0 Exception <a 'java/lang/NoSuchMethodError'{0x000000008b56b288}: 'java.lang.Object java.lang.invoke.DirectMethodHandle$Holder.newInvokeSpecial(java.lang.Object, long)'> (0x000000008b56b288) 
thrown [s\src\hotspot\share\interpreter\linkResolver.cpp, line 771]
Event: 8.725 Thread 0x0000020e2b14dee0 Exception <a 'java/lang/NoSuchMethodError'{0x000000008b571f48}: 'java.lang.Object java.lang.invoke.DirectMethodHandle$Holder.invokeStatic(java.lang.Object, java.lang.Object, long, java.lang.Object)'> (0x000000008b571f48) 
thrown [s\src\hotspot\share\interpreter\linkResolver.cpp, line 771]
Event: 8.725 Thread 0x0000020e2b14dee0 Exception <a 'java/lang/NoSuchMethodError'{0x000000008b24ffc0}: 'java.lang.Object java.lang.invoke.DirectMethodHandle$Holder.invokeStaticInit(java.lang.Object, java.lang.Object, long, java.lang.Object)'> (0x000000008b24ffc0) 
thrown [s\src\hotspot\share\interpreter\linkResolver.cpp, line 771]
Event: 8.793 Thread 0x0000020e2af02a70 Exception <a 'sun/nio/fs/WindowsException'{0x000000008acbf958}> (0x000000008acbf958) 
thrown [s\src\hotspot\share\prims\jni.cpp, line 517]
Event: 8.827 Thread 0x0000020e2af02a70 Exception <a 'sun/nio/fs/WindowsException'{0x000000008a3080c8}> (0x000000008a3080c8) 
thrown [s\src\hotspot\share\prims\jni.cpp, line 517]
Event: 8.861 Thread 0x0000020e2b14dee0 Exception <a 'java/lang/NoSuchMethodError'{0x000000008a1ab470}: 'int java.lang.invoke.DirectMethodHandle$Holder.invokeSpecialIFC(java.lang.Object, java.lang.Object, java.lang.Object)'> (0x000000008a1ab470) 
thrown [s\src\hotspot\share\interpreter\linkResolver.cpp, line 771]
Event: 8.897 Thread 0x0000020e2b14da10 Exception <a 'sun/nio/fs/WindowsException'{0x0000000089cbccb8}> (0x0000000089cbccb8) 
thrown [s\src\hotspot\share\prims\jni.cpp, line 517]
Event: 9.005 Thread 0x0000020e2b14da10 Exception <a 'java/lang/NoSuchMethodError'{0x00000000893a81b8}: 'java.lang.Object java.lang.invoke.DirectMethodHandle$Holder.invokeStaticInit(java.lang.Object, java.lang.Object, java.lang.Object, java.lang.Object, java.lang.Object, java.lang.Object, java.lang.Object, java.lang.Object, java.lang.Object, java.lang.Object, java.lang.Object, java.lang.Object, java.lang.Object, java.lang.Object, java.lang.Object, java.lang.Object, java.lang.Object, java.lang.Object, java.lang.Object, java.lang.Object, int, java
Event: 9.453 Thread 0x0000020e2af04c20 Exception <a 'java/lang/IncompatibleClassChangeError'{0x000000008d194420}: Found class java.lang.Object, but interface was expected> (0x000000008d194420) 
thrown [s\src\hotspot\share\interpreter\linkResolver.cpp, line 838]
Event: 9.453 Thread 0x0000020e2f0a75e0 Exception <a 'java/lang/IncompatibleClassChangeError'{0x000000008d18a028}: Found class java.lang.Object, but interface was expected> (0x000000008d18a028) 
thrown [s\src\hotspot\share\interpreter\linkResolver.cpp, line 838]
Event: 9.473 Thread 0x0000020e2737d680 Exception <a 'java/lang/NoSuchMethodError'{0x000000008cde29f0}: 'long java.lang.invoke.DirectMethodHandle$Holder.invokeStatic(java.lang.Object, java.lang.Object, java.lang.Object)'> (0x000000008cde29f0) 
thrown [s\src\hotspot\share\interpreter\linkResolver.cpp, line 771]
Event: 9.474 Thread 0x0000020e2af04c20 Exception <a 'java/lang/IncompatibleClassChangeError'{0x000000008cc110f0}: Found class java.lang.Object, but interface was expected> (0x000000008cc110f0) 
thrown [s\src\hotspot\share\interpreter\linkResolver.cpp, line 838]
Event: 9.475 Thread 0x0000020e2af04c20 Exception <a 'java/lang/IncompatibleClassChangeError'{0x000000008cc23a30}: Found class java.lang.Object, but interface was expected> (0x000000008cc23a30) 
thrown [s\src\hotspot\share\interpreter\linkResolver.cpp, line 838]

VM Operations (20 events):
Event: 8.920 Executing VM operation: HandshakeAllThreads done
Event: 8.920 Executing VM operation: HandshakeAllThreads
Event: 8.920 Executing VM operation: HandshakeAllThreads done
Event: 9.062 Executing VM operation: G1CollectForAllocation
Event: 9.068 Executing VM operation: G1CollectForAllocation done
Event: 9.147 Executing VM operation: G1Concurrent
Event: 9.150 Executing VM operation: G1Concurrent done
Event: 9.181 Executing VM operation: G1Concurrent
Event: 9.181 Executing VM operation: G1Concurrent done
Event: 9.378 Executing VM operation: G1CollectForAllocation
Event: 9.392 Executing VM operation: G1CollectForAllocation done
Event: 9.425 Executing VM operation: G1CollectForAllocation
Event: 9.433 Executing VM operation: G1CollectForAllocation done
Event: 9.457 Executing VM operation: HandshakeAllThreads
Event: 9.457 Executing VM operation: HandshakeAllThreads done
Event: 9.633 Executing VM operation: G1CollectForAllocation
Event: 9.649 Executing VM operation: G1CollectForAllocation done
Event: 9.649 Executing VM operation: HandshakeAllThreads
Event: 9.658 Executing VM operation: HandshakeAllThreads done
Event: 9.704 Executing VM operation: G1CollectForAllocation

Events (20 events):
Event: 9.451 Thread 0x0000020e2af04c20 Thread added: 0x0000020e2af04c20
Event: 9.452 Thread 0x0000020e2f0a75e0 Thread added: 0x0000020e2f0a75e0
Event: 9.452 Thread 0x0000020e2af050f0 Thread added: 0x0000020e2af050f0
Event: 9.452 Thread 0x0000020e2e132f90 Thread added: 0x0000020e2e132f90
Event: 9.453 Thread 0x0000020e2737d680 Thread added: 0x0000020e2737d680
Event: 9.453 Thread 0x0000020e2af072a0 Thread added: 0x0000020e2af072a0
Event: 9.454 Thread 0x0000020e2e133930 Thread added: 0x0000020e2e133930
Event: 9.454 Thread 0x0000020e2dd45ca0 Thread added: 0x0000020e2dd45ca0
Event: 9.460 loading class java/lang/reflect/GenericSignatureFormatError
Event: 9.460 loading class java/lang/reflect/GenericSignatureFormatError done
Event: 9.471 loading class java/util/AbstractList$RandomAccessSubList
Event: 9.471 loading class java/util/AbstractList$SubList
Event: 9.471 loading class java/util/AbstractList$SubList done
Event: 9.471 loading class java/util/AbstractList$RandomAccessSubList done
Event: 9.471 loading class java/util/AbstractList$SubList$1
Event: 9.471 loading class java/util/AbstractList$SubList$1 done
Event: 9.506 loading class java/nio/ShortBuffer
Event: 9.506 loading class java/nio/ShortBuffer done
Event: 9.506 loading class java/nio/HeapShortBuffer
Event: 9.507 loading class java/nio/HeapShortBuffer done


Dynamic libraries:
0x00007ff6d3570000 - 0x00007ff6d357a000 	C:\Program Files\Android\Android Studio\jbr\bin\java.exe
0x00007ffcd5070000 - 0x00007ffcd5286000 	C:\WINDOWS\SYSTEM32\ntdll.dll
0x00007ffcd4330000 - 0x00007ffcd43f4000 	C:\WINDOWS\System32\KERNEL32.DLL
0x00007ffcd2940000 - 0x00007ffcd2ce6000 	C:\WINDOWS\System32\KERNELBASE.dll
0x00007ffcd2420000 - 0x00007ffcd2531000 	C:\WINDOWS\System32\ucrtbase.dll
0x00007ffcbb680000 - 0x00007ffcbb697000 	C:\Program Files\Android\Android Studio\jbr\bin\jli.dll
0x00007ffccc120000 - 0x00007ffccc13b000 	C:\Program Files\Android\Android Studio\jbr\bin\VCRUNTIME140.dll
0x00007ffcd4400000 - 0x00007ffcd45ad000 	C:\WINDOWS\System32\USER32.dll
0x00007ffcd2850000 - 0x00007ffcd2876000 	C:\WINDOWS\System32\win32u.dll
0x00007ffcb9f10000 - 0x00007ffcba1a3000 	C:\WINDOWS\WinSxS\amd64_microsoft.windows.common-controls_6595b64144ccf1df_6.0.22621.3235_none_270f74e173860f98\COMCTL32.dll
0x00007ffcd4910000 - 0x00007ffcd4939000 	C:\WINDOWS\System32\GDI32.dll
0x00007ffcd3c40000 - 0x00007ffcd3ce7000 	C:\WINDOWS\System32\msvcrt.dll
0x00007ffcd2730000 - 0x00007ffcd2848000 	C:\WINDOWS\System32\gdi32full.dll
0x00007ffcd2cf0000 - 0x00007ffcd2d8a000 	C:\WINDOWS\System32\msvcp_win.dll
0x00007ffcd4660000 - 0x00007ffcd4691000 	C:\WINDOWS\System32\IMM32.DLL
0x00007ffcb9ae0000 - 0x00007ffcb9aec000 	C:\Program Files\Android\Android Studio\jbr\bin\vcruntime140_1.dll
0x00007ffc922e0000 - 0x00007ffc9236d000 	C:\Program Files\Android\Android Studio\jbr\bin\msvcp140.dll
0x00007ffc6e5c0000 - 0x00007ffc6f22e000 	C:\Program Files\Android\Android Studio\jbr\bin\server\jvm.dll
0x00007ffcd2ea0000 - 0x00007ffcd2f52000 	C:\WINDOWS\System32\ADVAPI32.dll
0x00007ffcd4940000 - 0x00007ffcd49e8000 	C:\WINDOWS\System32\sechost.dll
0x00007ffcd2d90000 - 0x00007ffcd2db8000 	C:\WINDOWS\System32\bcrypt.dll
0x00007ffcd4210000 - 0x00007ffcd4325000 	C:\WINDOWS\System32\RPCRT4.dll
0x00007ffcca620000 - 0x00007ffcca654000 	C:\WINDOWS\SYSTEM32\WINMM.dll
0x00007ffcc9420000 - 0x00007ffcc942a000 	C:\WINDOWS\SYSTEM32\VERSION.dll
0x00007ffcb1950000 - 0x00007ffcb1959000 	C:\WINDOWS\SYSTEM32\WSOCK32.dll
0x00007ffcd3cf0000 - 0x00007ffcd3d61000 	C:\WINDOWS\System32\WS2_32.dll
0x00007ffcd13f0000 - 0x00007ffcd1408000 	C:\WINDOWS\SYSTEM32\kernel.appcore.dll
0x00007ffccd450000 - 0x00007ffccd45a000 	C:\Program Files\Android\Android Studio\jbr\bin\jimage.dll
0x00007ffccfbc0000 - 0x00007ffccfdf3000 	C:\WINDOWS\SYSTEM32\DBGHELP.DLL
0x00007ffcd38b0000 - 0x00007ffcd3c38000 	C:\WINDOWS\System32\combase.dll
0x00007ffcd2dc0000 - 0x00007ffcd2e97000 	C:\WINDOWS\System32\OLEAUT32.dll
0x00007ffcb4eb0000 - 0x00007ffcb4ee2000 	C:\WINDOWS\SYSTEM32\dbgcore.DLL
0x00007ffcd26b0000 - 0x00007ffcd272a000 	C:\WINDOWS\System32\bcryptPrimitives.dll
0x00007ffcbdbe0000 - 0x00007ffcbdc05000 	C:\Program Files\Android\Android Studio\jbr\bin\java.dll
0x00007ffccd3e0000 - 0x00007ffccd3f8000 	C:\Program Files\Android\Android Studio\jbr\bin\zip.dll
0x00007ffcd2f60000 - 0x00007ffcd37bd000 	C:\WINDOWS\System32\SHELL32.dll
0x00007ffcd0310000 - 0x00007ffcd0c08000 	C:\WINDOWS\SYSTEM32\windows.storage.dll
0x00007ffcd01d0000 - 0x00007ffcd030e000 	C:\WINDOWS\SYSTEM32\wintypes.dll
0x00007ffcd46a0000 - 0x00007ffcd4793000 	C:\WINDOWS\System32\SHCORE.dll
0x00007ffcd37c0000 - 0x00007ffcd381e000 	C:\WINDOWS\System32\shlwapi.dll
0x00007ffcd22e0000 - 0x00007ffcd2306000 	C:\WINDOWS\SYSTEM32\profapi.dll
0x00007ffccd280000 - 0x00007ffccd299000 	C:\Program Files\Android\Android Studio\jbr\bin\net.dll
0x00007ffccc780000 - 0x00007ffccc8b7000 	C:\WINDOWS\SYSTEM32\WINHTTP.dll
0x00007ffcd18e0000 - 0x00007ffcd1949000 	C:\WINDOWS\system32\mswsock.dll
0x00007ffcbdab0000 - 0x00007ffcbdac6000 	C:\Program Files\Android\Android Studio\jbr\bin\nio.dll
0x00007ffccd420000 - 0x00007ffccd430000 	C:\Program Files\Android\Android Studio\jbr\bin\verify.dll
0x00007ffcb9a10000 - 0x00007ffcb9a37000 	C:\Users\ASUS\.gradle\native\68d5fa5c4cc2d200863cafc0d521ce42e7d3e7ee720ec0a83991735586a16f82\windows-amd64\native-platform.dll
0x00007ffc75070000 - 0x00007ffc751b4000 	C:\Users\ASUS\.gradle\native\e376f236ea51e6404a007f0833ffe2c6e607c4080706a723a18a27aeea778392\windows-amd64\native-platform-file-events.dll
0x00007ffcbc4c0000 - 0x00007ffcbc4c9000 	C:\Program Files\Android\Android Studio\jbr\bin\management.dll
0x00007ffcbc1d0000 - 0x00007ffcbc1db000 	C:\Program Files\Android\Android Studio\jbr\bin\management_ext.dll
0x00007ffcd38a0000 - 0x00007ffcd38a8000 	C:\WINDOWS\System32\PSAPI.DLL
0x00007ffcd1b30000 - 0x00007ffcd1b4b000 	C:\WINDOWS\SYSTEM32\CRYPTSP.dll
0x00007ffcd1350000 - 0x00007ffcd1385000 	C:\WINDOWS\system32\rsaenh.dll
0x00007ffcd19d0000 - 0x00007ffcd19fc000 	C:\WINDOWS\SYSTEM32\USERENV.dll
0x00007ffcd1b80000 - 0x00007ffcd1b8c000 	C:\WINDOWS\SYSTEM32\CRYPTBASE.dll
0x00007ffcd0e60000 - 0x00007ffcd0e8d000 	C:\WINDOWS\SYSTEM32\IPHLPAPI.DLL
0x00007ffcd47a0000 - 0x00007ffcd47a9000 	C:\WINDOWS\System32\NSI.dll
0x00007ffccc0c0000 - 0x00007ffccc0d9000 	C:\WINDOWS\SYSTEM32\dhcpcsvc6.DLL
0x00007ffccbfe0000 - 0x00007ffccbfff000 	C:\WINDOWS\SYSTEM32\dhcpcsvc.DLL
0x00007ffcd0e90000 - 0x00007ffcd0f89000 	C:\WINDOWS\SYSTEM32\DNSAPI.dll
0x00007ffcbc1c0000 - 0x00007ffcbc1c8000 	C:\WINDOWS\system32\wshunix.dll

dbghelp: loaded successfully - version: 4.0.5 - missing functions: none
symbol engine: initialized successfully - sym options: 0x614 - pdb path: .;C:\Program Files\Android\Android Studio\jbr\bin;C:\WINDOWS\SYSTEM32;C:\WINDOWS\WinSxS\amd64_microsoft.windows.common-controls_6595b64144ccf1df_6.0.22621.3235_none_270f74e173860f98;C:\Program Files\Android\Android Studio\jbr\bin\server;C:\Users\ASUS\.gradle\native\68d5fa5c4cc2d200863cafc0d521ce42e7d3e7ee720ec0a83991735586a16f82\windows-amd64;C:\Users\ASUS\.gradle\native\e376f236ea51e6404a007f0833ffe2c6e607c4080706a723a18a27aeea778392\windows-amd64

VM Arguments:
jvm_args: --add-opens=java.base/java.util=ALL-UNNAMED --add-opens=java.base/java.lang=ALL-UNNAMED --add-opens=java.base/java.lang.invoke=ALL-UNNAMED --add-opens=java.prefs/java.util.prefs=ALL-UNNAMED --add-opens=java.base/java.nio.charset=ALL-UNNAMED --add-opens=java.base/java.net=ALL-UNNAMED --add-opens=java.base/java.util.concurrent.atomic=ALL-UNNAMED -Xmx2048m -Dfile.encoding=UTF-8 -Duser.country=US -Duser.language=en -Duser.variant 
java_command: org.gradle.launcher.daemon.bootstrap.GradleDaemon 8.0
java_class_path (initial): C:\Users\ASUS\.gradle\wrapper\dists\gradle-8.0-bin\ca5e32bp14vu59qr306oxotwh\gradle-8.0\lib\gradle-launcher-8.0.jar
Launcher Type: SUN_STANDARD

[Global flags]
     intx CICompilerCount                          = 4                                         {product} {ergonomic}
     uint ConcGCThreads                            = 2                                         {product} {ergonomic}
     uint G1ConcRefinementThreads                  = 8                                         {product} {ergonomic}
   size_t G1HeapRegionSize                         = 1048576                                   {product} {ergonomic}
    uintx GCDrainStackTargetSize                   = 64                                        {product} {ergonomic}
   size_t InitialHeapSize                          = 130023424                                 {product} {ergonomic}
   size_t MarkStackSize                            = 4194304                                   {product} {ergonomic}
   size_t MaxHeapSize                              = 2147483648                                {product} {command line}
   size_t MaxNewSize                               = 1287651328                                {product} {ergonomic}
   size_t MinHeapDeltaBytes                        = 1048576                                   {product} {ergonomic}
   size_t MinHeapSize                              = 8388608                                   {product} {ergonomic}
    uintx NonNMethodCodeHeapSize                   = 5839372                                {pd product} {ergonomic}
    uintx NonProfiledCodeHeapSize                  = 122909434                              {pd product} {ergonomic}
    uintx ProfiledCodeHeapSize                     = 122909434                              {pd product} {ergonomic}
    uintx ReservedCodeCacheSize                    = 251658240                              {pd product} {ergonomic}
     bool SegmentedCodeCache                       = true                                      {product} {ergonomic}
   size_t SoftMaxHeapSize                          = 2147483648                             {manageable} {ergonomic}
     bool UseCompressedClassPointers               = true                           {product lp64_product} {ergonomic}
     bool UseCompressedOops                        = true                           {product lp64_product} {ergonomic}
     bool UseG1GC                                  = true                                      {product} {ergonomic}
     bool UseLargePagesIndividualAllocation        = false                                  {pd product} {ergonomic}

Logging:
Log output configuration:
 #0: stdout all=warning uptime,level,tags
 #1: stderr all=off uptime,level,tags

Environment Variables:
JAVA_HOME=C:\Program Files\Java\jdk-21
PATH=C:\Program Files\Common Files\Oracle\Java\javapath;C:\WINDOWS\system32;C:\WINDOWS;C:\WINDOWS\System32\Wbem;C:\WINDOWS\System32\WindowsPowerShell\v1.0\;C:\WINDOWS\System32\OpenSSH\;C:\TDM-GCC-64\bin;C:\Program Files\dotnet\;C:\Program Files\Java\jdk-21\bin;C:\Program Files\nodejs\;C:\Program Files\Git\cmd;C:\Users\ASUS\AppData\Local\Programs\Microsoft VS Code\bin;C:\Users\ASUS\AppData\Roaming\npm;C:\Users\ASUS\AppData\Local\GitHubDesktop\bin
USERNAME=ASUS
OS=Windows_NT
PROCESSOR_IDENTIFIER=Intel64 Family 6 Model 140 Stepping 1, GenuineIntel
TMP=C:\Users\ASUS\AppData\Local\Temp
TEMP=C:\Users\ASUS\AppData\Local\Temp


JNI global refs:
JNI global refs: 28, weak refs: 47

JNI global refs memory usage: 843, weak refs: 1473


---------------  S Y S T E M  ---------------

OS:
 Windows 11 , 64 bit Build 22621 (10.0.22621.3235)
OS uptime: 0 days 4:41 hours

CPU: total 8 (initial active 8) (4 cores per cpu, 2 threads per core) family 6 model 140 stepping 1 microcode 0x86, cx8, cmov, fxsr, ht, mmx, 3dnowpref, sse, sse2, sse3, ssse3, sse4.1, sse4.2, popcnt, lzcnt, tsc, tscinvbit, avx, avx2, aes, erms, clmul, bmi1, bmi2, adx, avx512f, avx512dq, avx512cd, avx512bw, avx512vl, sha, fma, vzeroupper, avx512_vpopcntdq, avx512_vpclmulqdq, avx512_vaes, avx512_vnni, clflush, clflushopt, clwb, avx512_vbmi2, avx512_vbmi

Memory: 4k page, system-wide physical 7886M (642M free)
TotalPageFile size 9934M (AvailPageFile size 4M)
current process WorkingSet (physical memory assigned to process): 519M, peak: 519M
current process commit charge ("private bytes"): 895M, peak: 897M

vm_info: OpenJDK 64-Bit Server VM (17.0.6+0-b2043.56-10027231) for windows-amd64 JRE (17.0.6+0-b2043.56-10027231), built on Apr 28 2023 00:43:19 by "androidbuild" with MS VC++ 16.10 / 16.11 (VS2019)

END.
